SUCCESS [2025-03-17 17:56:00] /Users/xt/github/sourcoise/work/prix_insee.r (exex. no cache found) in 2 sec. (14 kB)
SUCCESS [2025-03-17 17:56:02] /Users/xt/github/sourcoise/work/prix_insee.r valid cache (14 kB)
SUCCESS [2025-03-17 17:57:39] /Users/xt/github/sourcoise/work/prix_insee.r (forced) in 0.04 sec. (14 kB)
SUCCESS [2025-03-17 17:57:39] /Users/xt/github/sourcoise/work/prix_insee.r (forced) in 0.03 sec. (14 kB)
SUCCESS [2025-03-17 17:57:39] /Users/xt/github/sourcoise/work/prix_insee.r (forced) in 0.03 sec. (14 kB)
SUCCESS [2025-03-17 17:57:39] /Users/xt/github/sourcoise/work/prix_insee.r (forced) in 0.03 sec. (14 kB)
SUCCESS [2025-03-17 17:57:39] /Users/xt/github/sourcoise/work/prix_insee.r (forced) in 0.04 sec. (14 kB)
SUCCESS [2025-03-17 17:57:40] /Users/xt/github/sourcoise/work/prix_insee.r (forced) in 0.03 sec. (14 kB)
SUCCESS [2025-03-17 17:59:25] /Users/xt/github/sourcoise/work/prix_insee.r valid cache (14 kB)
SUCCESS [2025-03-17 17:59:25] /Users/xt/github/sourcoise/work/prix_insee.r valid cache (14 kB)
SUCCESS [2025-03-17 17:59:25] /Users/xt/github/sourcoise/work/prix_insee.r valid cache (14 kB)
SUCCESS [2025-03-17 17:59:25] /Users/xt/github/sourcoise/work/prix_insee.r valid cache (14 kB)
SUCCESS [2025-03-17 17:59:25] /Users/xt/github/sourcoise/work/prix_insee.r valid cache (14 kB)
SUCCESS [2025-03-17 17:59:25] /Users/xt/github/sourcoise/work/prix_insee.r valid cache (14 kB)
SUCCESS [2025-03-17 17:59:25] /Users/xt/github/sourcoise/work/prix_insee.r valid cache (14 kB)
SUCCESS [2025-03-17 17:59:25] /Users/xt/github/sourcoise/work/prix_insee.r valid cache (14 kB)
SUCCESS [2025-03-17 17:59:25] /Users/xt/github/sourcoise/work/prix_insee.r valid cache (14 kB)
SUCCESS [2025-03-17 17:59:25] /Users/xt/github/sourcoise/work/prix_insee.r valid cache (14 kB)
SUCCESS [2025-03-17 17:59:25] /Users/xt/github/sourcoise/work/prix_insee.r valid cache (14 kB)
SUCCESS [2025-03-17 17:59:25] /Users/xt/github/sourcoise/work/prix_insee.r valid cache (14 kB)
SUCCESS [2025-03-17 17:59:25] /Users/xt/github/sourcoise/work/prix_insee.r valid cache (14 kB)
SUCCESS [2025-03-17 17:59:25] /Users/xt/github/sourcoise/work/prix_insee.r valid cache (14 kB)
SUCCESS [2025-03-17 17:59:25] /Users/xt/github/sourcoise/work/prix_insee.r valid cache (14 kB)
SUCCESS [2025-03-17 17:59:25] /Users/xt/github/sourcoise/work/prix_insee.r valid cache (14 kB)
SUCCESS [2025-03-17 17:59:25] /Users/xt/github/sourcoise/work/prix_insee.r valid cache (14 kB)
SUCCESS [2025-03-17 17:59:25] /Users/xt/github/sourcoise/work/prix_insee.r valid cache (14 kB)
SUCCESS [2025-03-17 17:59:25] /Users/xt/github/sourcoise/work/prix_insee.r valid cache (14 kB)
SUCCESS [2025-03-17 17:59:25] /Users/xt/github/sourcoise/work/prix_insee.r valid cache (14 kB)
SUCCESS [2025-03-17 17:59:25] /Users/xt/github/sourcoise/work/prix_insee.r valid cache (14 kB)
SUCCESS [2025-03-17 17:59:25] /Users/xt/github/sourcoise/work/prix_insee.r valid cache (14 kB)
SUCCESS [2025-03-17 17:59:25] /Users/xt/github/sourcoise/work/prix_insee.r valid cache (14 kB)
SUCCESS [2025-03-17 17:59:25] /Users/xt/github/sourcoise/work/prix_insee.r valid cache (14 kB)
SUCCESS [2025-03-17 17:59:25] /Users/xt/github/sourcoise/work/prix_insee.r valid cache (14 kB)
SUCCESS [2025-03-17 17:59:25] /Users/xt/github/sourcoise/work/prix_insee.r valid cache (14 kB)
SUCCESS [2025-03-17 17:59:25] /Users/xt/github/sourcoise/work/prix_insee.r valid cache (14 kB)
SUCCESS [2025-03-17 17:59:25] /Users/xt/github/sourcoise/work/prix_insee.r valid cache (14 kB)
SUCCESS [2025-03-17 17:59:25] /Users/xt/github/sourcoise/work/prix_insee.r valid cache (14 kB)
SUCCESS [2025-03-17 17:59:25] /Users/xt/github/sourcoise/work/prix_insee.r valid cache (14 kB)
SUCCESS [2025-03-17 17:59:25] /Users/xt/github/sourcoise/work/prix_insee.r valid cache (14 kB)
SUCCESS [2025-03-17 17:59:25] /Users/xt/github/sourcoise/work/prix_insee.r valid cache (14 kB)
SUCCESS [2025-03-17 17:59:25] /Users/xt/github/sourcoise/work/prix_insee.r valid cache (14 kB)
SUCCESS [2025-03-17 17:59:25] /Users/xt/github/sourcoise/work/prix_insee.r valid cache (14 kB)
SUCCESS [2025-03-17 17:59:25] /Users/xt/github/sourcoise/work/prix_insee.r valid cache (14 kB)
SUCCESS [2025-03-17 17:59:25] /Users/xt/github/sourcoise/work/prix_insee.r valid cache (14 kB)
SUCCESS [2025-03-17 17:59:25] /Users/xt/github/sourcoise/work/prix_insee.r valid cache (14 kB)
SUCCESS [2025-03-17 17:59:25] /Users/xt/github/sourcoise/work/prix_insee.r valid cache (14 kB)
SUCCESS [2025-03-17 17:59:25] /Users/xt/github/sourcoise/work/prix_insee.r valid cache (14 kB)
SUCCESS [2025-03-17 17:59:25] /Users/xt/github/sourcoise/work/prix_insee.r valid cache (14 kB)
SUCCESS [2025-03-17 17:59:25] /Users/xt/github/sourcoise/work/prix_insee.r valid cache (14 kB)
SUCCESS [2025-03-17 17:59:25] /Users/xt/github/sourcoise/work/prix_insee.r valid cache (14 kB)
SUCCESS [2025-03-17 17:59:25] /Users/xt/github/sourcoise/work/prix_insee.r valid cache (14 kB)
SUCCESS [2025-03-17 17:59:25] /Users/xt/github/sourcoise/work/prix_insee.r valid cache (14 kB)
SUCCESS [2025-03-17 17:59:25] /Users/xt/github/sourcoise/work/prix_insee.r valid cache (14 kB)
SUCCESS [2025-03-17 17:59:26] /Users/xt/github/sourcoise/work/prix_insee.r valid cache (14 kB)
SUCCESS [2025-03-17 18:02:07] work/prix_insee.r valid cache (14 kB)
SUCCESS [2025-03-17 18:02:07] work/prix_insee.r valid cache (14 kB)
SUCCESS [2025-03-17 18:02:07] work/prix_insee.r valid cache (14 kB)
SUCCESS [2025-03-17 18:02:07] work/prix_insee.r valid cache (14 kB)
SUCCESS [2025-03-17 18:02:07] work/prix_insee.r valid cache (14 kB)
SUCCESS [2025-03-17 18:02:07] work/prix_insee.r valid cache (14 kB)
SUCCESS [2025-03-17 18:02:07] work/prix_insee.r valid cache (14 kB)
SUCCESS [2025-03-17 18:02:07] work/prix_insee.r valid cache (14 kB)
SUCCESS [2025-03-17 18:02:07] work/prix_insee.r valid cache (14 kB)
SUCCESS [2025-03-17 18:02:07] work/prix_insee.r valid cache (14 kB)
SUCCESS [2025-03-17 18:02:07] work/prix_insee.r valid cache (14 kB)
SUCCESS [2025-03-17 18:02:07] work/prix_insee.r valid cache (14 kB)
SUCCESS [2025-03-17 18:02:07] work/prix_insee.r valid cache (14 kB)
SUCCESS [2025-03-17 18:02:07] work/prix_insee.r valid cache (14 kB)
SUCCESS [2025-03-17 18:02:07] work/prix_insee.r valid cache (14 kB)
SUCCESS [2025-03-17 18:02:07] work/prix_insee.r valid cache (14 kB)
SUCCESS [2025-03-17 18:02:07] work/prix_insee.r valid cache (14 kB)
SUCCESS [2025-03-17 18:02:07] work/prix_insee.r valid cache (14 kB)
SUCCESS [2025-03-17 18:02:07] work/prix_insee.r valid cache (14 kB)
SUCCESS [2025-03-17 18:02:07] work/prix_insee.r valid cache (14 kB)
SUCCESS [2025-03-17 18:02:07] work/prix_insee.r valid cache (14 kB)
SUCCESS [2025-03-17 18:02:07] work/prix_insee.r valid cache (14 kB)
SUCCESS [2025-03-17 18:02:07] work/prix_insee.r valid cache (14 kB)
SUCCESS [2025-03-17 18:02:07] work/prix_insee.r valid cache (14 kB)
SUCCESS [2025-03-17 18:02:07] work/prix_insee.r valid cache (14 kB)
SUCCESS [2025-03-17 18:02:07] work/prix_insee.r valid cache (14 kB)
SUCCESS [2025-03-17 18:02:07] work/prix_insee.r valid cache (14 kB)
SUCCESS [2025-03-17 18:02:07] work/prix_insee.r valid cache (14 kB)
SUCCESS [2025-03-17 18:02:07] work/prix_insee.r valid cache (14 kB)
SUCCESS [2025-03-17 18:02:07] work/prix_insee.r valid cache (14 kB)
SUCCESS [2025-03-17 18:02:07] work/prix_insee.r valid cache (14 kB)
SUCCESS [2025-03-17 18:02:07] work/prix_insee.r valid cache (14 kB)
SUCCESS [2025-03-17 18:02:07] work/prix_insee.r valid cache (14 kB)
SUCCESS [2025-03-17 18:02:07] work/prix_insee.r valid cache (14 kB)
SUCCESS [2025-03-17 18:02:07] work/prix_insee.r valid cache (14 kB)
SUCCESS [2025-03-17 18:02:07] work/prix_insee.r valid cache (14 kB)
SUCCESS [2025-03-17 18:02:07] work/prix_insee.r valid cache (14 kB)
SUCCESS [2025-03-17 18:02:07] work/prix_insee.r valid cache (14 kB)
SUCCESS [2025-03-17 18:02:07] work/prix_insee.r valid cache (14 kB)
SUCCESS [2025-03-17 18:02:07] work/prix_insee.r valid cache (14 kB)
SUCCESS [2025-03-17 18:02:07] work/prix_insee.r valid cache (14 kB)
SUCCESS [2025-03-17 18:02:07] work/prix_insee.r valid cache (14 kB)
SUCCESS [2025-03-17 18:02:07] work/prix_insee.r valid cache (14 kB)
SUCCESS [2025-03-17 18:02:07] work/prix_insee.r valid cache (14 kB)
SUCCESS [2025-03-17 18:07:41] work/prix_insee.r valid cache (14 kB)
SUCCESS [2025-03-17 18:07:41] work/prix_insee.r valid cache (14 kB)
SUCCESS [2025-03-17 18:07:41] work/prix_insee.r valid cache (14 kB)
SUCCESS [2025-03-17 18:07:41] work/prix_insee.r valid cache (14 kB)
SUCCESS [2025-03-17 18:07:41] work/prix_insee.r valid cache (14 kB)
SUCCESS [2025-03-17 18:07:41] work/prix_insee.r valid cache (14 kB)
SUCCESS [2025-03-17 18:07:41] work/prix_insee.r valid cache (14 kB)
SUCCESS [2025-03-17 18:07:41] work/prix_insee.r valid cache (14 kB)
SUCCESS [2025-03-17 18:07:41] work/prix_insee.r valid cache (14 kB)
SUCCESS [2025-03-17 18:07:41] work/prix_insee.r valid cache (14 kB)
SUCCESS [2025-03-17 18:07:41] work/prix_insee.r valid cache (14 kB)
SUCCESS [2025-03-17 18:07:41] work/prix_insee.r valid cache (14 kB)
SUCCESS [2025-03-17 18:07:41] work/prix_insee.r valid cache (14 kB)
SUCCESS [2025-03-17 18:07:41] work/prix_insee.r valid cache (14 kB)
SUCCESS [2025-03-17 18:07:41] work/prix_insee.r valid cache (14 kB)
SUCCESS [2025-03-17 18:07:41] work/prix_insee.r valid cache (14 kB)
SUCCESS [2025-03-17 18:07:41] work/prix_insee.r valid cache (14 kB)
SUCCESS [2025-03-17 18:07:41] work/prix_insee.r valid cache (14 kB)
SUCCESS [2025-03-17 18:07:41] work/prix_insee.r valid cache (14 kB)
SUCCESS [2025-03-17 18:07:41] work/prix_insee.r valid cache (14 kB)
SUCCESS [2025-03-17 18:07:41] work/prix_insee.r valid cache (14 kB)
SUCCESS [2025-03-17 18:07:41] work/prix_insee.r valid cache (14 kB)
SUCCESS [2025-03-17 18:07:41] work/prix_insee.r valid cache (14 kB)
SUCCESS [2025-03-17 18:07:41] work/prix_insee.r valid cache (14 kB)
SUCCESS [2025-03-17 18:07:41] work/prix_insee.r valid cache (14 kB)
SUCCESS [2025-03-17 18:07:41] work/prix_insee.r valid cache (14 kB)
SUCCESS [2025-03-17 18:07:41] work/prix_insee.r valid cache (14 kB)
SUCCESS [2025-03-17 18:07:41] work/prix_insee.r valid cache (14 kB)
SUCCESS [2025-03-17 18:07:41] work/prix_insee.r valid cache (14 kB)
SUCCESS [2025-03-17 18:07:41] work/prix_insee.r valid cache (14 kB)
SUCCESS [2025-03-17 18:07:41] work/prix_insee.r valid cache (14 kB)
SUCCESS [2025-03-17 18:07:41] work/prix_insee.r valid cache (14 kB)
SUCCESS [2025-03-17 18:07:41] work/prix_insee.r valid cache (14 kB)
SUCCESS [2025-03-17 18:07:41] work/prix_insee.r valid cache (14 kB)
SUCCESS [2025-03-17 18:07:41] work/prix_insee.r valid cache (14 kB)
SUCCESS [2025-03-17 18:07:41] work/prix_insee.r valid cache (14 kB)
SUCCESS [2025-03-17 18:07:41] work/prix_insee.r valid cache (14 kB)
SUCCESS [2025-03-17 18:07:41] work/prix_insee.r valid cache (14 kB)
SUCCESS [2025-03-17 18:07:41] work/prix_insee.r valid cache (14 kB)
SUCCESS [2025-03-17 18:07:41] work/prix_insee.r valid cache (14 kB)
SUCCESS [2025-03-17 18:07:41] work/prix_insee.r valid cache (14 kB)
SUCCESS [2025-03-17 18:07:41] work/prix_insee.r valid cache (14 kB)
SUCCESS [2025-03-17 18:07:41] work/prix_insee.r valid cache (14 kB)
SUCCESS [2025-03-17 18:07:41] work/prix_insee.r valid cache (14 kB)
SUCCESS [2025-03-17 18:07:41] work/prix_insee.r valid cache (14 kB)
SUCCESS [2025-03-17 18:07:41] work/prix_insee.r valid cache (14 kB)
SUCCESS [2025-03-17 18:07:41] work/prix_insee.r valid cache (14 kB)
SUCCESS [2025-03-17 18:07:41] work/prix_insee.r valid cache (14 kB)
SUCCESS [2025-03-17 18:07:58] work/prix_insee.r valid cache (14 kB)
SUCCESS [2025-03-17 18:07:58] work/prix_insee.r valid cache (14 kB)
SUCCESS [2025-03-17 18:07:58] work/prix_insee.r valid cache (14 kB)
SUCCESS [2025-03-17 18:07:58] work/prix_insee.r valid cache (14 kB)
SUCCESS [2025-03-17 18:07:58] work/prix_insee.r valid cache (14 kB)
SUCCESS [2025-03-17 18:07:58] work/prix_insee.r valid cache (14 kB)
SUCCESS [2025-03-17 18:07:58] work/prix_insee.r valid cache (14 kB)
SUCCESS [2025-03-17 18:07:58] work/prix_insee.r valid cache (14 kB)
SUCCESS [2025-03-17 18:07:58] work/prix_insee.r valid cache (14 kB)
SUCCESS [2025-03-17 18:07:58] work/prix_insee.r valid cache (14 kB)
SUCCESS [2025-03-17 18:07:58] work/prix_insee.r valid cache (14 kB)
SUCCESS [2025-03-17 18:07:58] work/prix_insee.r valid cache (14 kB)
SUCCESS [2025-03-17 18:07:58] work/prix_insee.r valid cache (14 kB)
SUCCESS [2025-03-17 18:07:58] work/prix_insee.r valid cache (14 kB)
SUCCESS [2025-03-17 18:07:58] work/prix_insee.r valid cache (14 kB)
SUCCESS [2025-03-17 18:07:58] work/prix_insee.r valid cache (14 kB)
SUCCESS [2025-03-17 18:07:58] work/prix_insee.r valid cache (14 kB)
SUCCESS [2025-03-17 18:07:58] work/prix_insee.r valid cache (14 kB)
SUCCESS [2025-03-17 18:07:58] work/prix_insee.r valid cache (14 kB)
SUCCESS [2025-03-17 18:07:58] work/prix_insee.r valid cache (14 kB)
SUCCESS [2025-03-17 18:07:58] work/prix_insee.r valid cache (14 kB)
SUCCESS [2025-03-17 18:07:58] work/prix_insee.r valid cache (14 kB)
SUCCESS [2025-03-17 18:07:58] work/prix_insee.r valid cache (14 kB)
SUCCESS [2025-03-17 18:07:58] work/prix_insee.r valid cache (14 kB)
SUCCESS [2025-03-17 18:07:58] work/prix_insee.r valid cache (14 kB)
SUCCESS [2025-03-17 18:07:58] work/prix_insee.r valid cache (14 kB)
SUCCESS [2025-03-17 18:07:58] work/prix_insee.r valid cache (14 kB)
SUCCESS [2025-03-17 18:07:58] work/prix_insee.r valid cache (14 kB)
SUCCESS [2025-03-17 18:07:58] work/prix_insee.r valid cache (14 kB)
SUCCESS [2025-03-17 18:07:58] work/prix_insee.r valid cache (14 kB)
SUCCESS [2025-03-17 18:07:58] work/prix_insee.r valid cache (14 kB)
SUCCESS [2025-03-17 18:07:58] work/prix_insee.r valid cache (14 kB)
SUCCESS [2025-03-17 18:07:58] work/prix_insee.r valid cache (14 kB)
SUCCESS [2025-03-17 18:07:58] work/prix_insee.r valid cache (14 kB)
SUCCESS [2025-03-17 18:07:58] work/prix_insee.r valid cache (14 kB)
SUCCESS [2025-03-17 18:07:58] work/prix_insee.r valid cache (14 kB)
SUCCESS [2025-03-17 18:07:58] work/prix_insee.r valid cache (14 kB)
SUCCESS [2025-03-17 18:07:58] work/prix_insee.r valid cache (14 kB)
SUCCESS [2025-03-17 18:07:58] work/prix_insee.r valid cache (14 kB)
SUCCESS [2025-03-17 18:07:58] work/prix_insee.r valid cache (14 kB)
SUCCESS [2025-03-17 18:07:58] work/prix_insee.r valid cache (14 kB)
SUCCESS [2025-03-17 18:07:58] work/prix_insee.r valid cache (14 kB)
SUCCESS [2025-03-17 18:07:58] work/prix_insee.r valid cache (14 kB)
SUCCESS [2025-03-17 18:07:58] work/prix_insee.r valid cache (14 kB)
SUCCESS [2025-03-17 18:07:58] work/prix_insee.r valid cache (14 kB)
SUCCESS [2025-03-17 18:07:58] work/prix_insee.r valid cache (14 kB)
SUCCESS [2025-03-17 18:07:58] work/prix_insee.r valid cache (14 kB)
SUCCESS [2025-03-17 18:10:57] work/prix_insee.r (forced) in 0.03 sec. (14 kB)
SUCCESS [2025-03-17 18:13:05] work/prix_insee.r (forced) in 0.04 sec. (14 kB)
