WARN [2025-12-04 22:22:07] error.R failed, returning invalid cache (360 kB)
SUCCESS [2025-12-04 22:22:08] noerror.R (forced) in 0.01 sec. (360 kB)
SUCCESS [2025-12-04 22:23:34] noerror.r (forced) in 0 sec. (360 kB)
WARN [2025-12-04 22:23:34] error.R failed, returning invalid cache (360 kB)
SUCCESS [2025-12-04 22:23:34] noerror.R (forced) in 0 sec. (360 kB)
SUCCESS [2025-12-04 22:25:01] noerror.r (forced) in 0 sec. (360 kB)
WARN [2025-12-04 22:25:01] error.R failed, returning invalid cache (360 kB)
SUCCESS [2025-12-04 22:25:01] noerror.R (forced) in 0 sec. (360 kB)
SUCCESS [2025-12-04 22:26:07] noerror.r (forced) in 0 sec. (360 kB)
WARN [2025-12-04 22:26:07] error.R failed, returning invalid cache (360 kB)
SUCCESS [2025-12-04 22:31:03] noerror.r (forced) in 0 sec. (360 kB)
WARN [2025-12-04 22:31:03] error.R failed, returning invalid cache (360 kB)
SUCCESS [2025-12-04 22:31:42] noerror.r (forced) in 0 sec. (360 kB)
WARN [2025-12-04 22:31:44] error.R failed, returning invalid cache (360 kB)
SUCCESS [2025-12-04 22:32:34] noerror.r (forced) in 0.01 sec. (360 kB)
WARN [2025-12-04 22:33:15] error.R failed, returning invalid cache (360 kB)
SUCCESS [2025-12-04 22:33:54] noerror.r (forced) in 0.01 sec. (360 kB)
WARN [2025-12-04 22:33:57] error.R failed, returning invalid cache (360 kB)
SUCCESS [2025-12-04 22:34:24] noerror.r (forced) in 0 sec. (360 kB)
WARN [2025-12-04 22:34:24] error.R failed, returning invalid cache (360 kB)
