INFO [2025-12-09 14:07:54] Refreshing 1 source files
INFO [2025-12-09 14:16:40] Refreshing 1 source files
SUCCESS [2025-12-09 14:16:41] work/noerror3.r (forced) in 0.21 sec. (9 kB)
INFO [2025-12-09 14:18:43] Refreshing 1 source files
SUCCESS [2025-12-09 14:18:43] work/commun.R valid cache (0 B)
SUCCESS [2025-12-09 14:18:43] work/noerror3.R valid cache (9 kB)
SUCCESS [2025-12-09 14:18:43] work/noerror.r (forced) in 0.05 sec. (367 kB)
INFO [2025-12-09 14:18:49] Refreshing 3 source files
SUCCESS [2025-12-09 14:18:49] work/commun.R valid cache (0 B)
SUCCESS [2025-12-09 14:18:49] work/noerror3.R valid cache (9 kB)
SUCCESS [2025-12-09 14:18:49] work/noerror.r (forced) in 0.05 sec. (367 kB)
SUCCESS [2025-12-09 14:18:49] work/noerror3.r (forced) in 0 sec. (9 kB)
SUCCESS [2025-12-09 14:18:49] work/commun.r (forced) in 0 sec. (0 B)
INFO [2025-12-09 14:19:12] Refreshing 2 source files
SUCCESS [2025-12-09 14:19:12] work/noerror3.r (forced) in 0 sec. (9 kB)
SUCCESS [2025-12-09 14:19:12] work/commun.R valid cache (0 B)
SUCCESS [2025-12-09 14:19:12] work/noerror3.R valid cache (9 kB)
SUCCESS [2025-12-09 14:19:12] work/noerror.r (forced) in 0.05 sec. (367 kB)
INFO [2025-12-09 14:26:32] Refreshing 2 source files
SUCCESS [2025-12-09 14:26:32] work/noerror3.r (forced) in 0 sec. (9 kB)
SUCCESS [2025-12-09 14:26:32] work/commun.R valid cache (0 B)
SUCCESS [2025-12-09 14:26:32] work/noerror3.R valid cache (9 kB)
SUCCESS [2025-12-09 14:26:32] work/noerror.r (forced) in 0.06 sec. (367 kB)
INFO [2025-12-09 14:27:04] Refreshing 2 source files
SUCCESS [2025-12-09 14:27:04] work/noerror3.r (forced) in 0 sec. (9 kB)
SUCCESS [2025-12-09 14:27:04] work/commun.R valid cache (0 B)
SUCCESS [2025-12-09 14:27:04] work/noerror3.R valid cache (9 kB)
SUCCESS [2025-12-09 14:27:04] work/noerror.r (forced) in 0.05 sec. (367 kB)
INFO [2025-12-09 14:27:18] Refreshing 3 source files
SUCCESS [2025-12-09 14:27:18] work/commun.r (forced) in 0 sec. (0 B)
SUCCESS [2025-12-09 14:27:18] work/noerror3.r (forced) in 0 sec. (9 kB)
SUCCESS [2025-12-09 14:27:18] work/commun.R valid cache (0 B)
SUCCESS [2025-12-09 14:27:18] work/noerror3.R valid cache (9 kB)
SUCCESS [2025-12-09 14:27:18] work/noerror.r (forced) in 0.05 sec. (367 kB)
SUCCESS [2025-12-09 14:30:32] work/commun.r (forced) in 0 sec. (0 B)
SUCCESS [2025-12-09 14:30:33] work/noerror3.r (forced) in 0 sec. (9 kB)
SUCCESS [2025-12-09 15:00:09] work/commun.r (forced) in 0 sec. (0 B)
SUCCESS [2025-12-09 15:13:00] work/noerror3.r (forced) in 0 sec. (9 kB)
SUCCESS [2025-12-09 15:16:58] work/noerror3.r (forced) in 0 sec. (9 kB)
SUCCESS [2025-12-09 15:25:50] work/commun.r (forced) in 0 sec. (0 B)
SUCCESS [2025-12-09 15:25:50] work/noerror3.r (forced) in 0 sec. (9 kB)
SUCCESS [2025-12-09 15:30:23] work/commun.r (forced) in 0 sec. (0 B)
SUCCESS [2025-12-09 15:30:29] work/noerror3.r (forced) in 0 sec. (9 kB)
INFO [2025-12-09 15:39:31] Refreshing 3 source files
SUCCESS [2025-12-09 15:39:31] work/commun.r (forced) in 0 sec. (0 B)
SUCCESS [2025-12-09 15:39:31] work/commun.R valid cache (0 B)
SUCCESS [2025-12-09 15:39:31] work/noerror3.R valid cache (9 kB)
SUCCESS [2025-12-09 15:39:32] work/noerror.r (forced) in 0.05 sec. (367 kB)
SUCCESS [2025-12-09 15:39:32] work/noerror3.r (forced) in 0 sec. (9 kB)
SUCCESS [2025-12-09 15:44:49] work/noerror3.r (forced) in 0 sec. (9 kB)
SUCCESS [2025-12-09 15:44:49] work/noerror3.r (forced) in 0 sec. (9 kB)
SUCCESS [2025-12-09 15:44:49] work/noerror3.r (forced) in 0 sec. (9 kB)
SUCCESS [2025-12-09 15:44:49] work/noerror3.r (forced) in 0 sec. (9 kB)
SUCCESS [2025-12-09 15:44:49] work/noerror3.r (forced) in 0 sec. (9 kB)
SUCCESS [2025-12-09 15:44:49] work/noerror3.r (forced) in 0 sec. (9 kB)
SUCCESS [2025-12-09 15:44:49] work/noerror3.r (forced) in 0 sec. (9 kB)
SUCCESS [2025-12-09 15:44:49] work/noerror3.r (forced) in 0 sec. (9 kB)
SUCCESS [2025-12-09 15:44:49] work/noerror3.r (forced) in 0 sec. (9 kB)
SUCCESS [2025-12-09 15:44:49] work/noerror3.r (forced) in 0 sec. (9 kB)
SUCCESS [2025-12-09 15:44:49] work/noerror3.r (forced) in 0 sec. (9 kB)
SUCCESS [2025-12-09 15:44:49] work/noerror3.r (forced) in 0 sec. (9 kB)
SUCCESS [2025-12-09 15:44:49] work/noerror3.r (forced) in 0 sec. (9 kB)
SUCCESS [2025-12-09 15:44:49] work/noerror3.r (forced) in 0 sec. (9 kB)
SUCCESS [2025-12-09 15:44:49] work/noerror3.r (forced) in 0 sec. (9 kB)
SUCCESS [2025-12-09 15:44:49] work/noerror3.r (forced) in 0 sec. (9 kB)
SUCCESS [2025-12-09 15:44:49] work/noerror3.r (forced) in 0 sec. (9 kB)
SUCCESS [2025-12-09 15:44:49] work/noerror3.r (forced) in 0 sec. (9 kB)
SUCCESS [2025-12-09 15:44:50] work/noerror3.r (forced) in 0 sec. (9 kB)
SUCCESS [2025-12-09 15:44:50] work/noerror3.r (forced) in 0 sec. (9 kB)
SUCCESS [2025-12-09 15:44:50] work/noerror3.r (forced) in 0 sec. (9 kB)
SUCCESS [2025-12-09 15:44:50] work/noerror3.r (forced) in 0 sec. (9 kB)
SUCCESS [2025-12-09 15:44:50] work/noerror3.r (forced) in 0 sec. (9 kB)
SUCCESS [2025-12-09 15:44:50] work/noerror3.r (forced) in 0 sec. (9 kB)
SUCCESS [2025-12-09 15:44:50] work/noerror3.r (forced) in 0 sec. (9 kB)
SUCCESS [2025-12-09 15:44:50] work/noerror3.r (forced) in 0 sec. (9 kB)
SUCCESS [2025-12-09 15:44:50] work/noerror3.r (forced) in 0 sec. (9 kB)
SUCCESS [2025-12-09 15:44:50] work/noerror3.r (forced) in 0 sec. (9 kB)
SUCCESS [2025-12-09 15:44:50] work/noerror3.r (forced) in 0 sec. (9 kB)
SUCCESS [2025-12-09 15:44:50] work/noerror3.r (forced) in 0 sec. (9 kB)
SUCCESS [2025-12-09 15:44:50] work/noerror3.r (forced) in 0 sec. (9 kB)
SUCCESS [2025-12-09 15:44:50] work/noerror3.r (forced) in 0 sec. (9 kB)
SUCCESS [2025-12-09 15:44:50] work/noerror3.r (forced) in 0 sec. (9 kB)
SUCCESS [2025-12-09 15:44:50] work/noerror3.r (forced) in 0 sec. (9 kB)
SUCCESS [2025-12-09 15:44:50] work/noerror3.r (forced) in 0 sec. (9 kB)
SUCCESS [2025-12-09 15:44:51] work/noerror3.r (forced) in 0 sec. (9 kB)
SUCCESS [2025-12-09 15:44:51] work/noerror3.r (forced) in 0 sec. (9 kB)
SUCCESS [2025-12-09 15:44:51] work/noerror3.r (forced) in 0 sec. (9 kB)
SUCCESS [2025-12-09 15:44:51] work/noerror3.r (forced) in 0 sec. (9 kB)
SUCCESS [2025-12-09 15:44:51] work/noerror3.r (forced) in 0 sec. (9 kB)
SUCCESS [2025-12-09 15:44:51] work/noerror3.r (forced) in 0 sec. (9 kB)
SUCCESS [2025-12-09 15:44:51] work/noerror3.r (forced) in 0 sec. (9 kB)
SUCCESS [2025-12-09 15:44:51] work/noerror3.r (forced) in 0 sec. (9 kB)
SUCCESS [2025-12-09 15:44:51] work/noerror3.r (forced) in 0 sec. (9 kB)
SUCCESS [2025-12-09 15:44:51] work/noerror3.r (forced) in 0 sec. (9 kB)
SUCCESS [2025-12-09 15:44:51] work/noerror3.r (forced) in 0 sec. (9 kB)
SUCCESS [2025-12-09 15:44:51] work/noerror3.r (forced) in 0 sec. (9 kB)
SUCCESS [2025-12-09 15:44:52] work/noerror3.r (forced) in 0 sec. (9 kB)
SUCCESS [2025-12-09 15:44:52] work/noerror3.r (forced) in 0 sec. (9 kB)
SUCCESS [2025-12-09 15:44:52] work/noerror3.r (forced) in 0 sec. (9 kB)
SUCCESS [2025-12-09 15:44:52] work/noerror3.r (forced) in 0 sec. (9 kB)
SUCCESS [2025-12-09 15:44:52] work/noerror3.r (forced) in 0 sec. (9 kB)
SUCCESS [2025-12-09 15:44:52] work/noerror3.r (forced) in 0 sec. (9 kB)
SUCCESS [2025-12-09 15:44:52] work/noerror3.r (forced) in 0 sec. (9 kB)
SUCCESS [2025-12-09 15:44:52] work/noerror3.r (forced) in 0 sec. (9 kB)
SUCCESS [2025-12-09 15:44:52] work/noerror3.r (forced) in 0 sec. (9 kB)
SUCCESS [2025-12-09 15:44:52] work/noerror3.r (forced) in 0 sec. (9 kB)
SUCCESS [2025-12-09 15:44:52] work/noerror3.r (forced) in 0 sec. (9 kB)
SUCCESS [2025-12-09 15:44:53] work/noerror3.r (forced) in 0 sec. (9 kB)
SUCCESS [2025-12-09 15:44:53] work/noerror3.r (forced) in 0 sec. (9 kB)
SUCCESS [2025-12-09 15:44:53] work/noerror3.r (forced) in 0 sec. (9 kB)
SUCCESS [2025-12-09 15:44:53] work/noerror3.r (forced) in 0 sec. (9 kB)
SUCCESS [2025-12-09 15:44:53] work/noerror3.r (forced) in 0 sec. (9 kB)
SUCCESS [2025-12-09 15:44:53] work/noerror3.r (forced) in 0 sec. (9 kB)
SUCCESS [2025-12-09 15:44:53] work/noerror3.r (forced) in 0 sec. (9 kB)
SUCCESS [2025-12-09 15:44:53] work/noerror3.r (forced) in 0 sec. (9 kB)
SUCCESS [2025-12-09 15:44:53] work/noerror3.r (forced) in 0 sec. (9 kB)
SUCCESS [2025-12-09 15:44:53] work/noerror3.r (forced) in 0 sec. (9 kB)
SUCCESS [2025-12-09 15:44:53] work/noerror3.r (forced) in 0 sec. (9 kB)
SUCCESS [2025-12-09 15:44:53] work/noerror3.r (forced) in 0 sec. (9 kB)
SUCCESS [2025-12-09 15:44:54] work/noerror3.r (forced) in 0 sec. (9 kB)
SUCCESS [2025-12-09 15:44:54] work/noerror3.r (forced) in 0 sec. (9 kB)
SUCCESS [2025-12-09 15:44:54] work/noerror3.r (forced) in 0 sec. (9 kB)
SUCCESS [2025-12-09 15:44:54] work/noerror3.r (forced) in 0 sec. (9 kB)
SUCCESS [2025-12-09 15:44:54] work/noerror3.r (forced) in 0 sec. (9 kB)
SUCCESS [2025-12-09 15:44:54] work/noerror3.r (forced) in 0 sec. (9 kB)
SUCCESS [2025-12-09 15:44:54] work/noerror3.r (forced) in 0 sec. (9 kB)
SUCCESS [2025-12-09 15:44:54] work/noerror3.r (forced) in 0 sec. (9 kB)
SUCCESS [2025-12-09 15:44:54] work/noerror3.r (forced) in 0 sec. (9 kB)
SUCCESS [2025-12-09 15:44:54] work/noerror3.r (forced) in 0 sec. (9 kB)
SUCCESS [2025-12-09 15:44:54] work/noerror3.r (forced) in 0 sec. (9 kB)
SUCCESS [2025-12-09 15:44:54] work/noerror3.r (forced) in 0 sec. (9 kB)
SUCCESS [2025-12-09 15:44:54] work/noerror3.r (forced) in 0 sec. (9 kB)
SUCCESS [2025-12-09 15:44:54] work/noerror3.r (forced) in 0 sec. (9 kB)
SUCCESS [2025-12-09 15:44:55] work/noerror3.r (forced) in 0 sec. (9 kB)
SUCCESS [2025-12-09 15:44:55] work/noerror3.r (forced) in 0 sec. (9 kB)
SUCCESS [2025-12-09 15:44:55] work/noerror3.r (forced) in 0 sec. (9 kB)
SUCCESS [2025-12-09 15:44:55] work/noerror3.r (forced) in 0 sec. (9 kB)
SUCCESS [2025-12-09 15:44:55] work/noerror3.r (forced) in 0 sec. (9 kB)
SUCCESS [2025-12-09 15:44:55] work/noerror3.r (forced) in 0 sec. (9 kB)
SUCCESS [2025-12-09 15:44:55] work/noerror3.r (forced) in 0 sec. (9 kB)
SUCCESS [2025-12-09 15:44:55] work/noerror3.r (forced) in 0 sec. (9 kB)
SUCCESS [2025-12-09 15:44:55] work/noerror3.r (forced) in 0 sec. (9 kB)
SUCCESS [2025-12-09 15:44:55] work/noerror3.r (forced) in 0 sec. (9 kB)
SUCCESS [2025-12-09 15:44:56] work/noerror3.r (forced) in 0 sec. (9 kB)
SUCCESS [2025-12-09 15:44:56] work/noerror3.r (forced) in 0 sec. (9 kB)
SUCCESS [2025-12-09 15:44:56] work/noerror3.r (forced) in 0 sec. (9 kB)
SUCCESS [2025-12-09 15:44:56] work/noerror3.r (forced) in 0 sec. (9 kB)
SUCCESS [2025-12-09 15:44:56] work/noerror3.r (forced) in 0 sec. (9 kB)
SUCCESS [2025-12-09 15:44:56] work/noerror3.r (forced) in 0 sec. (9 kB)
SUCCESS [2025-12-09 15:44:56] work/commun.R (exec. no cache found) in 0 sec. (0 B)
SUCCESS [2025-12-09 15:44:56] work/noerror3.R valid cache (9 kB)
SUCCESS [2025-12-09 15:44:56] work/noerror.r (exec. no cache found) in 0.08 sec. (367 kB)
SUCCESS [2025-12-09 15:44:56] work/commun.r valid cache (0 B)
WARN [2025-12-09 15:44:57] work/error.r failed, returning invalid cache (367 kB)
INFO [2025-12-09 15:44:57] Refreshing 3 source files
SUCCESS [2025-12-09 15:44:57] work/commun.r (forced) in 0 sec. (0 B)
SUCCESS [2025-12-09 15:44:57] work/commun.R valid cache (0 B)
SUCCESS [2025-12-09 15:44:57] work/noerror3.R valid cache (9 kB)
SUCCESS [2025-12-09 15:44:57] work/noerror.r (forced) in 0.05 sec. (367 kB)
SUCCESS [2025-12-09 15:44:57] work/noerror3.r (forced) in 0 sec. (9 kB)
INFO [2025-12-09 15:48:44] Refreshing 3 source files
SUCCESS [2025-12-09 15:48:44] work/commun.r (forced) in 0 sec. (0 B)
SUCCESS [2025-12-09 15:48:44] work/noerror3.r (forced) in 0 sec. (9 kB)
SUCCESS [2025-12-09 15:48:44] work/commun.R valid cache (0 B)
SUCCESS [2025-12-09 15:48:44] work/noerror3.R valid cache (9 kB)
SUCCESS [2025-12-09 15:48:44] work/noerror.r (forced) in 0.16 sec. (367 kB)
INFO [2025-12-09 15:48:50] Refreshing 3 source files
SUCCESS [2025-12-09 15:48:50] work/commun.r (forced) in 0 sec. (0 B)
SUCCESS [2025-12-09 15:48:50] work/noerror3.r (forced) in 0 sec. (9 kB)
SUCCESS [2025-12-09 15:48:50] work/commun.R valid cache (0 B)
SUCCESS [2025-12-09 15:48:50] work/noerror3.R valid cache (9 kB)
SUCCESS [2025-12-09 15:48:50] work/noerror.r (forced) in 0.05 sec. (367 kB)
INFO [2025-12-09 15:51:18] Refreshing 3 source files
SUCCESS [2025-12-09 15:51:18] work/commun.r (forced) in 0 sec. (0 B)
SUCCESS [2025-12-09 15:51:18] work/noerror3.r (forced) in 0 sec. (9 kB)
SUCCESS [2025-12-09 15:51:18] work/commun.R valid cache (0 B)
SUCCESS [2025-12-09 15:51:18] work/noerror3.R valid cache (9 kB)
SUCCESS [2025-12-09 15:51:18] work/noerror.r (forced) in 0.06 sec. (367 kB)
