INFO [2025-12-06 09:33:13] Refreshing 3 files
WARN [2025-12-06 09:33:14] work/error.r failed, returning invalid cache (360 kB)
SUCCESS [2025-12-06 09:33:15] work/noerror3.R valid cache (1 kB)
SUCCESS [2025-12-06 09:33:15] work/noerror.r (forced) in 0.55 sec. (360 kB)
SUCCESS [2025-12-06 09:33:15] work/noerror3.r valid cache (1 kB)
INFO [2025-12-06 09:34:25] Refreshing 3 files
WARN [2025-12-06 09:34:25] work/error.r failed, returning invalid cache (360 kB)
SUCCESS [2025-12-06 09:34:25] work/noerror3.R valid cache (1 kB)
SUCCESS [2025-12-06 09:34:25] work/noerror.r (forced) in 0.03 sec. (360 kB)
SUCCESS [2025-12-06 09:34:25] work/noerror3.r valid cache (1 kB)
INFO [2025-12-06 09:35:59] Refreshing 3 files
INFO [2025-12-06 09:36:09] Refreshing 3 files
WARN [2025-12-06 09:36:20] work/error.r failed, returning invalid cache (360 kB)
INFO [2025-12-06 09:40:26] Refreshing 3 files
WARN [2025-12-06 09:40:26] work/error.r failed, returning invalid cache (360 kB)
SUCCESS [2025-12-06 09:40:26] work/noerror3.R (forced) in 0 sec. (1 kB)
SUCCESS [2025-12-06 09:40:26] work/noerror.r (forced) in 0.05 sec. (360 kB)
SUCCESS [2025-12-06 09:40:26] work/noerror3.r (forced) in 0 sec. (1 kB)
INFO [2025-12-06 09:43:04] Refreshing 3 files
WARN [2025-12-06 09:43:04] work/error.r failed, returning invalid cache (360 kB)
SUCCESS [2025-12-06 09:43:04] work/noerror3.R (forced) in 0 sec. (1 kB)
SUCCESS [2025-12-06 09:43:04] work/noerror.r (forced) in 0.04 sec. (360 kB)
SUCCESS [2025-12-06 09:43:04] work/noerror3.r (forced) in 0 sec. (1 kB)
INFO [2025-12-06 09:47:04] Refreshing 3 files
WARN [2025-12-06 09:47:04] work/error.r failed, returning invalid cache (360 kB)
SUCCESS [2025-12-06 09:47:04] work/noerror3.R (forced) in 0 sec. (1 kB)
SUCCESS [2025-12-06 09:47:04] work/noerror.r (forced) in 0.06 sec. (360 kB)
SUCCESS [2025-12-06 09:47:04] work/noerror3.r (forced) in 0 sec. (1 kB)
INFO [2025-12-06 09:49:21] Refreshing 3 files
WARN [2025-12-06 09:49:21] work/error.r failed, returning invalid cache (360 kB)
SUCCESS [2025-12-06 09:49:21] work/commun.R (forced) in 0 sec. (0 B)
SUCCESS [2025-12-06 09:49:21] work/commun.R valid cache (0 B)
SUCCESS [2025-12-06 09:49:21] work/noerror3.R (forced) in 0.02 sec. (1 kB)
SUCCESS [2025-12-06 09:49:21] work/noerror.r (forced) in 0.08 sec. (360 kB)
SUCCESS [2025-12-06 09:49:21] work/commun.R valid cache (0 B)
SUCCESS [2025-12-06 09:49:21] work/noerror3.r (forced) in 0.02 sec. (1 kB)
INFO [2025-12-06 09:50:28] Refreshing 4 files
SUCCESS [2025-12-06 09:50:28] work/commun.r (forced) in 0 sec. (0 B)
WARN [2025-12-06 09:50:28] work/error.r failed, returning invalid cache (360 kB)
SUCCESS [2025-12-06 09:50:28] work/commun.R valid cache (0 B)
SUCCESS [2025-12-06 09:50:28] work/commun.R valid cache (0 B)
SUCCESS [2025-12-06 09:50:28] work/noerror3.R (forced) in 0.02 sec. (1 kB)
SUCCESS [2025-12-06 09:50:28] work/noerror.r (forced) in 0.1 sec. (360 kB)
SUCCESS [2025-12-06 09:50:28] work/commun.R valid cache (0 B)
SUCCESS [2025-12-06 09:50:28] work/noerror3.r (forced) in 0.02 sec. (1 kB)
INFO [2025-12-06 09:50:41] Refreshing 4 files
SUCCESS [2025-12-06 09:50:41] work/commun.r (forced) in 0 sec. (0 B)
WARN [2025-12-06 09:50:41] work/error.r failed, returning invalid cache (360 kB)
SUCCESS [2025-12-06 09:50:41] work/commun.R valid cache (0 B)
SUCCESS [2025-12-06 09:50:41] work/commun.R valid cache (0 B)
SUCCESS [2025-12-06 09:50:41] work/noerror3.R (forced) in 0.02 sec. (1 kB)
SUCCESS [2025-12-06 09:50:41] work/noerror.r (forced) in 0.1 sec. (360 kB)
SUCCESS [2025-12-06 09:50:41] work/commun.R valid cache (0 B)
SUCCESS [2025-12-06 09:50:41] work/noerror3.r (forced) in 0.02 sec. (1 kB)
INFO [2025-12-06 09:51:59] Refreshing 4 files
SUCCESS [2025-12-06 09:51:59] work/commun.r (forced) in 0 sec. (0 B)
WARN [2025-12-06 09:51:59] work/error.r failed, returning invalid cache (360 kB)
SUCCESS [2025-12-06 09:51:59] work/commun.R valid cache (0 B)
SUCCESS [2025-12-06 09:51:59] work/commun.R valid cache (0 B)
SUCCESS [2025-12-06 09:51:59] work/noerror3.R (forced) in 0.02 sec. (1 kB)
SUCCESS [2025-12-06 09:51:59] work/noerror.r (forced) in 0.09 sec. (360 kB)
SUCCESS [2025-12-06 09:51:59] work/commun.R valid cache (0 B)
SUCCESS [2025-12-06 09:51:59] work/noerror3.r (forced) in 0.02 sec. (1 kB)
SUCCESS [2025-12-06 09:52:53] work/commun.r (forced) in 0 sec. (0 B)
WARN [2025-12-06 09:52:54] work/error.r failed, returning invalid cache (360 kB)
SUCCESS [2025-12-06 09:52:54] work/commun.R valid cache (0 B)
SUCCESS [2025-12-06 09:52:54] work/commun.R valid cache (0 B)
SUCCESS [2025-12-06 09:52:54] work/noerror3.R (forced) in 0.02 sec. (1 kB)
SUCCESS [2025-12-06 09:52:54] work/noerror.r (forced) in 0.17 sec. (360 kB)
SUCCESS [2025-12-06 09:52:54] work/commun.R valid cache (0 B)
SUCCESS [2025-12-06 09:52:54] work/noerror3.r (forced) in 0.02 sec. (1 kB)
INFO [2025-12-06 09:53:21] Refreshing 4 files
SUCCESS [2025-12-06 09:53:21] work/commun.r (forced) in 0 sec. (0 B)
WARN [2025-12-06 09:53:21] work/error.r failed, returning invalid cache (360 kB)
SUCCESS [2025-12-06 09:53:21] work/commun.R valid cache (0 B)
SUCCESS [2025-12-06 09:53:21] work/commun.R valid cache (0 B)
SUCCESS [2025-12-06 09:53:21] work/noerror3.R (forced) in 0.02 sec. (1 kB)
SUCCESS [2025-12-06 09:53:21] work/noerror.r (forced) in 0.09 sec. (360 kB)
SUCCESS [2025-12-06 09:53:21] work/commun.R valid cache (0 B)
SUCCESS [2025-12-06 09:53:21] work/noerror3.r (forced) in 0.02 sec. (1 kB)
SUCCESS [2025-12-06 10:06:41] work/commun.r (forced) in 0 sec. (0 B)
SUCCESS [2025-12-06 10:06:41] work/commun.R valid cache (0 B)
SUCCESS [2025-12-06 10:06:42] work/noerror3.r (forced) in 0.15 sec. (1 kB)
WARN [2025-12-06 10:06:42] work/error.r failed, returning invalid cache (360 kB)
SUCCESS [2025-12-06 10:06:42] work/commun.R valid cache (0 B)
SUCCESS [2025-12-06 10:06:42] work/noerror3.R valid cache (1 kB)
SUCCESS [2025-12-06 10:06:42] work/noerror.r (forced) in 0.05 sec. (360 kB)
INFO [2025-12-06 10:07:26] Refreshing 4 files
SUCCESS [2025-12-06 10:07:26] work/commun.r (forced) in 0 sec. (0 B)
SUCCESS [2025-12-06 10:07:26] work/commun.R valid cache (0 B)
SUCCESS [2025-12-06 10:07:26] work/noerror3.r (forced) in 0.02 sec. (1 kB)
WARN [2025-12-06 10:07:26] work/error.r failed, returning invalid cache (360 kB)
SUCCESS [2025-12-06 10:07:26] work/commun.R valid cache (0 B)
SUCCESS [2025-12-06 10:07:26] work/noerror3.R valid cache (1 kB)
SUCCESS [2025-12-06 10:07:27] work/noerror.r (forced) in 0.05 sec. (360 kB)
