INFO [2025-12-15 14:15:34] Refreshing 16 source files
INFO [2025-12-15 14:15:35] Initializing with init_fn()
INFO [2025-12-15 14:15:36] sourcoising /Users/xt/github/sourcoise/work/R/vaq.r
INFO [2025-12-15 14:15:36] Tracked files not found (/Users/xt/github/sourcoise/0), check your paths.
INFO [2025-12-15 14:15:37] sourcoising /Users/xt/github/sourcoise/work/R/nace.r
INFO [2025-12-15 14:15:37] Tracked files not found (/Users/xt/github/sourcoise/0), check your paths.
SUCCESS [2025-12-15 14:15:38] work/R/nace.r (exec. no cache) in 1.24 sec. (11 kB)
INFO [2025-12-15 14:15:38] sourcoising /Users/xt/github/sourcoise/work/R/nace.r
INFO [2025-12-15 14:15:38] Tracked files not found (/Users/xt/github/sourcoise/0), check your paths.
SUCCESS [2025-12-15 14:15:38] work/R/nace.r valid cache (11 kB)
INFO [2025-12-15 14:15:38] sourcoising /Users/xt/github/sourcoise/work/R/naq10_e.R
INFO [2025-12-15 14:15:38] Tracked files not found (/Users/xt/github/sourcoise/0), check your paths.
INFO [2025-12-15 14:15:38] sourcoising /Users/xt/github/sourcoise/work/R/nace.r
INFO [2025-12-15 14:15:38] Tracked files not found (/Users/xt/github/sourcoise/0), check your paths.
SUCCESS [2025-12-15 14:15:38] work/R/nace.r valid cache (11 kB)
SUCCESS [2025-12-15 14:15:41] work/R/naq10_e.R (exec. no cache) in 3.11 sec. (3 MB)
INFO [2025-12-15 14:15:46] sourcoising /Users/xt/github/sourcoise/work/R/france-melodi.R
INFO [2025-12-15 14:15:46] Tracked files not found (/Users/xt/github/sourcoise/0), check your paths.
INFO [2025-12-15 14:15:48] sourcoising /Users/xt/github/sourcoise/work/R/nace.r
INFO [2025-12-15 14:15:48] Tracked files not found (/Users/xt/github/sourcoise/0), check your paths.
SUCCESS [2025-12-15 14:15:48] work/R/nace.r valid cache (11 kB)
INFO [2025-12-15 14:15:48] sourcoising /Users/xt/github/sourcoise/work/R/nace.r
INFO [2025-12-15 14:15:48] Tracked files not found (/Users/xt/github/sourcoise/0), check your paths.
SUCCESS [2025-12-15 14:15:48] work/R/nace.r valid cache (11 kB)
INFO [2025-12-15 14:15:48] sourcoising /Users/xt/github/sourcoise/work/R/vaq.r
INFO [2025-12-15 14:15:48] Tracked files not found (/Users/xt/github/sourcoise/0), check your paths.
INFO [2025-12-15 14:15:49] sourcoising /Users/xt/github/sourcoise/work/R/nace.r
INFO [2025-12-15 14:15:49] Tracked files not found (/Users/xt/github/sourcoise/0), check your paths.
SUCCESS [2025-12-15 14:15:49] work/R/nace.r valid cache (11 kB)
INFO [2025-12-15 14:15:49] sourcoising /Users/xt/github/sourcoise/work/R/nace.r
INFO [2025-12-15 14:15:49] Tracked files not found (/Users/xt/github/sourcoise/0), check your paths.
SUCCESS [2025-12-15 14:15:49] work/R/nace.r valid cache (11 kB)
INFO [2025-12-15 14:15:49] sourcoising /Users/xt/github/sourcoise/work/R/naq10_e.R
INFO [2025-12-15 14:15:49] Tracked files not found (/Users/xt/github/sourcoise/0), check your paths.
SUCCESS [2025-12-15 14:15:49] work/R/naq10_e.R valid cache (3 MB)
INFO [2025-12-15 14:15:54] Refreshing 18 source files
INFO [2025-12-15 14:15:55] Initializing with init_fn()
INFO [2025-12-15 14:16:54] sourcoising /Users/xt/github/sourcoise/work/R/vaq.r
INFO [2025-12-15 14:16:54] Tracked files not found (/Users/xt/github/sourcoise/0), check your paths.
INFO [2025-12-15 14:16:55] sourcoising /Users/xt/github/sourcoise/work/R/nace.r
INFO [2025-12-15 14:16:55] Tracked files not found (/Users/xt/github/sourcoise/0), check your paths.
SUCCESS [2025-12-15 14:16:55] work/R/nace.r valid cache (11 kB)
INFO [2025-12-15 14:16:55] sourcoising /Users/xt/github/sourcoise/work/R/nace.r
INFO [2025-12-15 14:16:55] Tracked files not found (/Users/xt/github/sourcoise/0), check your paths.
SUCCESS [2025-12-15 14:16:55] work/R/nace.r valid cache (11 kB)
INFO [2025-12-15 14:16:55] sourcoising /Users/xt/github/sourcoise/work/R/naq10_e.R
INFO [2025-12-15 14:16:55] Tracked files not found (/Users/xt/github/sourcoise/0), check your paths.
SUCCESS [2025-12-15 14:16:55] work/R/naq10_e.R valid cache (3 MB)
INFO [2025-12-15 14:16:59] sourcoising /Users/xt/github/sourcoise/work/R/france-melodi.R
INFO [2025-12-15 14:16:59] Tracked files not found (/Users/xt/github/sourcoise/0), check your paths.
INFO [2025-12-15 14:17:00] sourcoising /Users/xt/github/sourcoise/work/R/nace.r
INFO [2025-12-15 14:17:00] Tracked files not found (/Users/xt/github/sourcoise/0), check your paths.
SUCCESS [2025-12-15 14:17:00] work/R/nace.r valid cache (11 kB)
INFO [2025-12-15 14:17:01] sourcoising /Users/xt/github/sourcoise/work/R/nace.r
INFO [2025-12-15 14:17:01] Tracked files not found (/Users/xt/github/sourcoise/0), check your paths.
SUCCESS [2025-12-15 14:17:01] work/R/nace.r valid cache (11 kB)
INFO [2025-12-15 14:17:01] sourcoising /Users/xt/github/sourcoise/work/R/vaq.r
INFO [2025-12-15 14:17:01] Tracked files not found (/Users/xt/github/sourcoise/0), check your paths.
INFO [2025-12-15 14:17:01] sourcoising /Users/xt/github/sourcoise/work/R/nace.r
INFO [2025-12-15 14:17:01] Tracked files not found (/Users/xt/github/sourcoise/0), check your paths.
SUCCESS [2025-12-15 14:17:02] work/R/nace.r valid cache (11 kB)
INFO [2025-12-15 14:17:02] sourcoising /Users/xt/github/sourcoise/work/R/nace.r
INFO [2025-12-15 14:17:02] Tracked files not found (/Users/xt/github/sourcoise/0), check your paths.
SUCCESS [2025-12-15 14:17:02] work/R/nace.r valid cache (11 kB)
INFO [2025-12-15 14:17:02] sourcoising /Users/xt/github/sourcoise/work/R/naq10_e.R
INFO [2025-12-15 14:17:02] Tracked files not found (/Users/xt/github/sourcoise/0), check your paths.
SUCCESS [2025-12-15 14:17:02] work/R/naq10_e.R valid cache (3 MB)
INFO [2025-12-15 14:17:06] sourcoising /Users/xt/github/sourcoise/work/R/france-melodi.R
INFO [2025-12-15 14:17:06] Tracked files not found (/Users/xt/github/sourcoise/0), check your paths.
INFO [2025-12-15 14:17:08] sourcoising /Users/xt/github/sourcoise/work/R/nace.r
INFO [2025-12-15 14:17:08] Tracked files not found (/Users/xt/github/sourcoise/0), check your paths.
SUCCESS [2025-12-15 14:17:08] work/R/nace.r valid cache (11 kB)
INFO [2025-12-15 14:17:08] sourcoising /Users/xt/github/sourcoise/work/R/nace.r
INFO [2025-12-15 14:17:08] Tracked files not found (/Users/xt/github/sourcoise/0), check your paths.
SUCCESS [2025-12-15 14:17:08] work/R/nace.r valid cache (11 kB)
INFO [2025-12-15 14:17:08] sourcoising /Users/xt/github/sourcoise/work/R/vaq.r
INFO [2025-12-15 14:17:08] Tracked files not found (/Users/xt/github/sourcoise/0), check your paths.
INFO [2025-12-15 14:17:09] sourcoising /Users/xt/github/sourcoise/work/R/nace.r
INFO [2025-12-15 14:17:09] Tracked files not found (/Users/xt/github/sourcoise/0), check your paths.
SUCCESS [2025-12-15 14:17:09] work/R/nace.r valid cache (11 kB)
INFO [2025-12-15 14:17:09] sourcoising /Users/xt/github/sourcoise/work/R/nace.r
INFO [2025-12-15 14:17:09] Tracked files not found (/Users/xt/github/sourcoise/0), check your paths.
SUCCESS [2025-12-15 14:17:09] work/R/nace.r valid cache (11 kB)
INFO [2025-12-15 14:17:09] sourcoising /Users/xt/github/sourcoise/work/R/naq10_e.R
INFO [2025-12-15 14:17:09] Tracked files not found (/Users/xt/github/sourcoise/0), check your paths.
SUCCESS [2025-12-15 14:17:09] work/R/naq10_e.R valid cache (3 MB)
INFO [2025-12-15 14:17:14] sourcoising /Users/xt/github/sourcoise/work/R/france-melodi.R
INFO [2025-12-15 14:17:14] Tracked files not found (/Users/xt/github/sourcoise/0), check your paths.
INFO [2025-12-15 14:17:15] sourcoising /Users/xt/github/sourcoise/work/R/nace.r
INFO [2025-12-15 14:17:15] Tracked files not found (/Users/xt/github/sourcoise/0), check your paths.
SUCCESS [2025-12-15 14:17:15] work/R/nace.r valid cache (11 kB)
INFO [2025-12-15 14:17:15] sourcoising /Users/xt/github/sourcoise/work/R/nace.r
INFO [2025-12-15 14:17:15] Tracked files not found (/Users/xt/github/sourcoise/0), check your paths.
SUCCESS [2025-12-15 14:17:15] work/R/nace.r valid cache (11 kB)
INFO [2025-12-15 14:17:16] sourcoising /Users/xt/github/sourcoise/work/R/vaq.r
INFO [2025-12-15 14:17:16] Tracked files not found (/Users/xt/github/sourcoise/0), check your paths.
INFO [2025-12-15 14:17:16] sourcoising /Users/xt/github/sourcoise/work/R/nace.r
INFO [2025-12-15 14:17:16] Tracked files not found (/Users/xt/github/sourcoise/0), check your paths.
SUCCESS [2025-12-15 14:17:16] work/R/nace.r valid cache (11 kB)
INFO [2025-12-15 14:17:16] sourcoising /Users/xt/github/sourcoise/work/R/nace.r
INFO [2025-12-15 14:17:16] Tracked files not found (/Users/xt/github/sourcoise/0), check your paths.
SUCCESS [2025-12-15 14:17:17] work/R/nace.r valid cache (11 kB)
INFO [2025-12-15 14:17:17] sourcoising /Users/xt/github/sourcoise/work/R/naq10_e.R
INFO [2025-12-15 14:17:17] Tracked files not found (/Users/xt/github/sourcoise/0), check your paths.
SUCCESS [2025-12-15 14:17:17] work/R/naq10_e.R valid cache (3 MB)
INFO [2025-12-15 14:17:21] sourcoising /Users/xt/github/sourcoise/work/R/france-melodi.R
INFO [2025-12-15 14:17:21] Tracked files not found (/Users/xt/github/sourcoise/0), check your paths.
INFO [2025-12-15 14:17:22] sourcoising /Users/xt/github/sourcoise/work/R/nace.r
INFO [2025-12-15 14:17:22] Tracked files not found (/Users/xt/github/sourcoise/0), check your paths.
SUCCESS [2025-12-15 14:17:22] work/R/nace.r valid cache (11 kB)
INFO [2025-12-15 14:17:22] sourcoising /Users/xt/github/sourcoise/work/R/nace.r
INFO [2025-12-15 14:17:22] Tracked files not found (/Users/xt/github/sourcoise/0), check your paths.
SUCCESS [2025-12-15 14:17:22] work/R/nace.r valid cache (11 kB)
INFO [2025-12-15 14:17:22] sourcoising /Users/xt/github/sourcoise/work/R/vaq.r
INFO [2025-12-15 14:17:22] Tracked files not found (/Users/xt/github/sourcoise/0), check your paths.
INFO [2025-12-15 14:17:23] sourcoising /Users/xt/github/sourcoise/work/R/nace.r
INFO [2025-12-15 14:17:23] Tracked files not found (/Users/xt/github/sourcoise/0), check your paths.
SUCCESS [2025-12-15 14:17:23] work/R/nace.r valid cache (11 kB)
INFO [2025-12-15 14:17:23] sourcoising /Users/xt/github/sourcoise/work/R/nace.r
INFO [2025-12-15 14:17:23] Tracked files not found (/Users/xt/github/sourcoise/0), check your paths.
SUCCESS [2025-12-15 14:17:23] work/R/nace.r valid cache (11 kB)
INFO [2025-12-15 14:17:23] sourcoising /Users/xt/github/sourcoise/work/R/naq10_e.R
INFO [2025-12-15 14:17:23] Tracked files not found (/Users/xt/github/sourcoise/0), check your paths.
SUCCESS [2025-12-15 14:17:23] work/R/naq10_e.R valid cache (3 MB)
INFO [2025-12-15 14:17:29] sourcoising /Users/xt/github/sourcoise/work/R/france-melodi.R
INFO [2025-12-15 14:17:29] Tracked files not found (/Users/xt/github/sourcoise/0), check your paths.
INFO [2025-12-15 14:17:30] sourcoising /Users/xt/github/sourcoise/work/R/nace.r
INFO [2025-12-15 14:17:30] Tracked files not found (/Users/xt/github/sourcoise/0), check your paths.
SUCCESS [2025-12-15 14:17:30] work/R/nace.r valid cache (11 kB)
INFO [2025-12-15 14:17:30] sourcoising /Users/xt/github/sourcoise/work/R/nace.r
INFO [2025-12-15 14:17:30] Tracked files not found (/Users/xt/github/sourcoise/0), check your paths.
SUCCESS [2025-12-15 14:17:30] work/R/nace.r valid cache (11 kB)
INFO [2025-12-15 14:17:30] sourcoising /Users/xt/github/sourcoise/work/R/vaq.r
INFO [2025-12-15 14:17:30] Tracked files not found (/Users/xt/github/sourcoise/0), check your paths.
INFO [2025-12-15 14:17:31] sourcoising /Users/xt/github/sourcoise/work/R/nace.r
INFO [2025-12-15 14:17:31] Tracked files not found (/Users/xt/github/sourcoise/0), check your paths.
SUCCESS [2025-12-15 14:17:31] work/R/nace.r valid cache (11 kB)
INFO [2025-12-15 14:17:31] sourcoising /Users/xt/github/sourcoise/work/R/nace.r
INFO [2025-12-15 14:17:31] Tracked files not found (/Users/xt/github/sourcoise/0), check your paths.
SUCCESS [2025-12-15 14:17:31] work/R/nace.r valid cache (11 kB)
INFO [2025-12-15 14:17:31] sourcoising /Users/xt/github/sourcoise/work/R/naq10_e.R
INFO [2025-12-15 14:17:31] Tracked files not found (/Users/xt/github/sourcoise/0), check your paths.
SUCCESS [2025-12-15 14:17:31] work/R/naq10_e.R valid cache (3 MB)
INFO [2025-12-15 14:17:36] sourcoising /Users/xt/github/sourcoise/work/R/france-melodi.R
INFO [2025-12-15 14:17:36] Tracked files not found (/Users/xt/github/sourcoise/0), check your paths.
INFO [2025-12-15 14:17:37] sourcoising /Users/xt/github/sourcoise/work/R/nace.r
INFO [2025-12-15 14:17:37] Tracked files not found (/Users/xt/github/sourcoise/0), check your paths.
SUCCESS [2025-12-15 14:17:37] work/R/nace.r valid cache (11 kB)
INFO [2025-12-15 14:17:37] sourcoising /Users/xt/github/sourcoise/work/R/nace.r
INFO [2025-12-15 14:17:37] Tracked files not found (/Users/xt/github/sourcoise/0), check your paths.
SUCCESS [2025-12-15 14:17:37] work/R/nace.r valid cache (11 kB)
INFO [2025-12-15 14:17:37] sourcoising /Users/xt/github/sourcoise/work/R/vaq.r
INFO [2025-12-15 14:17:37] Tracked files not found (/Users/xt/github/sourcoise/0), check your paths.
INFO [2025-12-15 14:17:38] sourcoising /Users/xt/github/sourcoise/work/R/nace.r
INFO [2025-12-15 14:17:38] Tracked files not found (/Users/xt/github/sourcoise/0), check your paths.
SUCCESS [2025-12-15 14:17:38] work/R/nace.r valid cache (11 kB)
INFO [2025-12-15 14:17:38] sourcoising /Users/xt/github/sourcoise/work/R/nace.r
INFO [2025-12-15 14:17:38] Tracked files not found (/Users/xt/github/sourcoise/0), check your paths.
SUCCESS [2025-12-15 14:17:38] work/R/nace.r valid cache (11 kB)
INFO [2025-12-15 14:17:38] sourcoising /Users/xt/github/sourcoise/work/R/naq10_e.R
INFO [2025-12-15 14:17:38] Tracked files not found (/Users/xt/github/sourcoise/0), check your paths.
SUCCESS [2025-12-15 14:17:38] work/R/naq10_e.R valid cache (3 MB)
INFO [2025-12-15 14:17:43] sourcoising /Users/xt/github/sourcoise/work/R/france-melodi.R
INFO [2025-12-15 14:17:43] Tracked files not found (/Users/xt/github/sourcoise/0), check your paths.
INFO [2025-12-15 14:17:44] sourcoising /Users/xt/github/sourcoise/work/R/nace.r
INFO [2025-12-15 14:17:44] Tracked files not found (/Users/xt/github/sourcoise/0), check your paths.
SUCCESS [2025-12-15 14:17:44] work/R/nace.r valid cache (11 kB)
INFO [2025-12-15 14:17:44] sourcoising /Users/xt/github/sourcoise/work/R/nace.r
INFO [2025-12-15 14:17:44] Tracked files not found (/Users/xt/github/sourcoise/0), check your paths.
SUCCESS [2025-12-15 14:17:44] work/R/nace.r valid cache (11 kB)
INFO [2025-12-15 14:17:45] sourcoising /Users/xt/github/sourcoise/work/R/vaq.r
INFO [2025-12-15 14:17:45] Tracked files not found (/Users/xt/github/sourcoise/0), check your paths.
INFO [2025-12-15 14:17:45] sourcoising /Users/xt/github/sourcoise/work/R/nace.r
INFO [2025-12-15 14:17:45] Tracked files not found (/Users/xt/github/sourcoise/0), check your paths.
SUCCESS [2025-12-15 14:17:45] work/R/nace.r valid cache (11 kB)
INFO [2025-12-15 14:17:45] sourcoising /Users/xt/github/sourcoise/work/R/nace.r
INFO [2025-12-15 14:17:45] Tracked files not found (/Users/xt/github/sourcoise/0), check your paths.
SUCCESS [2025-12-15 14:17:46] work/R/nace.r valid cache (11 kB)
INFO [2025-12-15 14:17:46] sourcoising /Users/xt/github/sourcoise/work/R/naq10_e.R
INFO [2025-12-15 14:17:46] Tracked files not found (/Users/xt/github/sourcoise/0), check your paths.
SUCCESS [2025-12-15 14:17:46] work/R/naq10_e.R valid cache (3 MB)
INFO [2025-12-15 14:17:50] sourcoising /Users/xt/github/sourcoise/work/R/france-melodi.R
INFO [2025-12-15 14:17:50] Tracked files not found (/Users/xt/github/sourcoise/0), check your paths.
INFO [2025-12-15 14:17:52] sourcoising /Users/xt/github/sourcoise/work/R/nace.r
INFO [2025-12-15 14:17:52] Tracked files not found (/Users/xt/github/sourcoise/0), check your paths.
SUCCESS [2025-12-15 14:17:52] work/R/nace.r valid cache (11 kB)
INFO [2025-12-15 14:17:52] sourcoising /Users/xt/github/sourcoise/work/R/nace.r
INFO [2025-12-15 14:17:52] Tracked files not found (/Users/xt/github/sourcoise/0), check your paths.
SUCCESS [2025-12-15 14:17:52] work/R/nace.r valid cache (11 kB)
INFO [2025-12-15 14:17:52] sourcoising /Users/xt/github/sourcoise/work/R/vaq.r
INFO [2025-12-15 14:17:52] Tracked files not found (/Users/xt/github/sourcoise/0), check your paths.
INFO [2025-12-15 14:17:53] sourcoising /Users/xt/github/sourcoise/work/R/nace.r
INFO [2025-12-15 14:17:53] Tracked files not found (/Users/xt/github/sourcoise/0), check your paths.
SUCCESS [2025-12-15 14:17:53] work/R/nace.r valid cache (11 kB)
INFO [2025-12-15 14:17:53] sourcoising /Users/xt/github/sourcoise/work/R/nace.r
INFO [2025-12-15 14:17:53] Tracked files not found (/Users/xt/github/sourcoise/0), check your paths.
SUCCESS [2025-12-15 14:17:53] work/R/nace.r valid cache (11 kB)
INFO [2025-12-15 14:17:53] sourcoising /Users/xt/github/sourcoise/work/R/naq10_e.R
INFO [2025-12-15 14:17:53] Tracked files not found (/Users/xt/github/sourcoise/0), check your paths.
SUCCESS [2025-12-15 14:17:53] work/R/naq10_e.R valid cache (3 MB)
INFO [2025-12-15 14:17:58] sourcoising /Users/xt/github/sourcoise/work/R/france-melodi.R
INFO [2025-12-15 14:17:58] Tracked files not found (/Users/xt/github/sourcoise/0), check your paths.
INFO [2025-12-15 14:17:59] sourcoising /Users/xt/github/sourcoise/work/R/nace.r
INFO [2025-12-15 14:17:59] Tracked files not found (/Users/xt/github/sourcoise/0), check your paths.
SUCCESS [2025-12-15 14:17:59] work/R/nace.r valid cache (11 kB)
INFO [2025-12-15 14:17:59] sourcoising /Users/xt/github/sourcoise/work/R/nace.r
INFO [2025-12-15 14:17:59] Tracked files not found (/Users/xt/github/sourcoise/0), check your paths.
SUCCESS [2025-12-15 14:17:59] work/R/nace.r valid cache (11 kB)
INFO [2025-12-15 14:17:59] sourcoising /Users/xt/github/sourcoise/work/R/vaq.r
INFO [2025-12-15 14:17:59] Tracked files not found (/Users/xt/github/sourcoise/0), check your paths.
INFO [2025-12-15 14:18:00] sourcoising /Users/xt/github/sourcoise/work/R/nace.r
INFO [2025-12-15 14:18:00] Tracked files not found (/Users/xt/github/sourcoise/0), check your paths.
SUCCESS [2025-12-15 14:18:00] work/R/nace.r valid cache (11 kB)
INFO [2025-12-15 14:18:00] sourcoising /Users/xt/github/sourcoise/work/R/nace.r
INFO [2025-12-15 14:18:00] Tracked files not found (/Users/xt/github/sourcoise/0), check your paths.
SUCCESS [2025-12-15 14:18:00] work/R/nace.r valid cache (11 kB)
INFO [2025-12-15 14:18:00] sourcoising /Users/xt/github/sourcoise/work/R/naq10_e.R
INFO [2025-12-15 14:18:00] Tracked files not found (/Users/xt/github/sourcoise/0), check your paths.
SUCCESS [2025-12-15 14:18:00] work/R/naq10_e.R valid cache (3 MB)
INFO [2025-12-15 14:18:05] sourcoising /Users/xt/github/sourcoise/work/R/france-melodi.R
INFO [2025-12-15 14:18:05] Tracked files not found (/Users/xt/github/sourcoise/0), check your paths.
INFO [2025-12-15 14:18:06] sourcoising /Users/xt/github/sourcoise/work/R/nace.r
INFO [2025-12-15 14:18:06] Tracked files not found (/Users/xt/github/sourcoise/0), check your paths.
SUCCESS [2025-12-15 14:18:06] work/R/nace.r valid cache (11 kB)
INFO [2025-12-15 14:18:06] sourcoising /Users/xt/github/sourcoise/work/R/nace.r
INFO [2025-12-15 14:18:06] Tracked files not found (/Users/xt/github/sourcoise/0), check your paths.
SUCCESS [2025-12-15 14:18:06] work/R/nace.r valid cache (11 kB)
INFO [2025-12-15 14:18:06] sourcoising /Users/xt/github/sourcoise/work/R/vaq.r
INFO [2025-12-15 14:18:06] Tracked files not found (/Users/xt/github/sourcoise/0), check your paths.
INFO [2025-12-15 14:18:07] sourcoising /Users/xt/github/sourcoise/work/R/nace.r
INFO [2025-12-15 14:18:07] Tracked files not found (/Users/xt/github/sourcoise/0), check your paths.
SUCCESS [2025-12-15 14:18:07] work/R/nace.r valid cache (11 kB)
INFO [2025-12-15 14:18:07] sourcoising /Users/xt/github/sourcoise/work/R/nace.r
INFO [2025-12-15 14:18:07] Tracked files not found (/Users/xt/github/sourcoise/0), check your paths.
SUCCESS [2025-12-15 14:18:07] work/R/nace.r valid cache (11 kB)
INFO [2025-12-15 14:18:07] sourcoising /Users/xt/github/sourcoise/work/R/naq10_e.R
INFO [2025-12-15 14:18:07] Tracked files not found (/Users/xt/github/sourcoise/0), check your paths.
SUCCESS [2025-12-15 14:18:07] work/R/naq10_e.R valid cache (3 MB)
INFO [2025-12-15 14:18:12] sourcoising /Users/xt/github/sourcoise/work/R/france-melodi.R
INFO [2025-12-15 14:18:12] Tracked files not found (/Users/xt/github/sourcoise/0), check your paths.
INFO [2025-12-15 14:18:14] sourcoising /Users/xt/github/sourcoise/work/R/nace.r
INFO [2025-12-15 14:18:14] Tracked files not found (/Users/xt/github/sourcoise/0), check your paths.
SUCCESS [2025-12-15 14:18:14] work/R/nace.r valid cache (11 kB)
INFO [2025-12-15 14:18:14] sourcoising /Users/xt/github/sourcoise/work/R/nace.r
INFO [2025-12-15 14:18:14] Tracked files not found (/Users/xt/github/sourcoise/0), check your paths.
SUCCESS [2025-12-15 14:18:14] work/R/nace.r valid cache (11 kB)
INFO [2025-12-15 14:18:14] sourcoising /Users/xt/github/sourcoise/work/R/vaq.r
INFO [2025-12-15 14:18:14] Tracked files not found (/Users/xt/github/sourcoise/0), check your paths.
INFO [2025-12-15 14:18:15] sourcoising /Users/xt/github/sourcoise/work/R/nace.r
INFO [2025-12-15 14:18:15] Tracked files not found (/Users/xt/github/sourcoise/0), check your paths.
SUCCESS [2025-12-15 14:18:15] work/R/nace.r valid cache (11 kB)
INFO [2025-12-15 14:18:15] sourcoising /Users/xt/github/sourcoise/work/R/nace.r
INFO [2025-12-15 14:18:15] Tracked files not found (/Users/xt/github/sourcoise/0), check your paths.
SUCCESS [2025-12-15 14:18:15] work/R/nace.r valid cache (11 kB)
INFO [2025-12-15 14:18:15] sourcoising /Users/xt/github/sourcoise/work/R/naq10_e.R
INFO [2025-12-15 14:18:15] Tracked files not found (/Users/xt/github/sourcoise/0), check your paths.
SUCCESS [2025-12-15 14:18:15] work/R/naq10_e.R valid cache (3 MB)
INFO [2025-12-15 14:18:20] sourcoising /Users/xt/github/sourcoise/work/R/france-melodi.R
INFO [2025-12-15 14:18:20] Tracked files not found (/Users/xt/github/sourcoise/0), check your paths.
INFO [2025-12-15 14:18:21] sourcoising /Users/xt/github/sourcoise/work/R/nace.r
INFO [2025-12-15 14:18:21] Tracked files not found (/Users/xt/github/sourcoise/0), check your paths.
SUCCESS [2025-12-15 14:18:21] work/R/nace.r valid cache (11 kB)
INFO [2025-12-15 14:18:21] sourcoising /Users/xt/github/sourcoise/work/R/nace.r
INFO [2025-12-15 14:18:21] Tracked files not found (/Users/xt/github/sourcoise/0), check your paths.
SUCCESS [2025-12-15 14:18:21] work/R/nace.r valid cache (11 kB)
INFO [2025-12-15 14:18:21] sourcoising /Users/xt/github/sourcoise/work/R/vaq.r
INFO [2025-12-15 14:18:21] Tracked files not found (/Users/xt/github/sourcoise/0), check your paths.
INFO [2025-12-15 14:18:22] sourcoising /Users/xt/github/sourcoise/work/R/nace.r
INFO [2025-12-15 14:18:22] Tracked files not found (/Users/xt/github/sourcoise/0), check your paths.
SUCCESS [2025-12-15 14:18:22] work/R/nace.r valid cache (11 kB)
INFO [2025-12-15 14:18:22] sourcoising /Users/xt/github/sourcoise/work/R/nace.r
INFO [2025-12-15 14:18:22] Tracked files not found (/Users/xt/github/sourcoise/0), check your paths.
SUCCESS [2025-12-15 14:18:22] work/R/nace.r valid cache (11 kB)
INFO [2025-12-15 14:18:22] sourcoising /Users/xt/github/sourcoise/work/R/naq10_e.R
INFO [2025-12-15 14:18:22] Tracked files not found (/Users/xt/github/sourcoise/0), check your paths.
SUCCESS [2025-12-15 14:18:22] work/R/naq10_e.R valid cache (3 MB)
INFO [2025-12-15 14:18:27] sourcoising /Users/xt/github/sourcoise/work/R/france-melodi.R
INFO [2025-12-15 14:18:27] Tracked files not found (/Users/xt/github/sourcoise/0), check your paths.
INFO [2025-12-15 14:18:29] sourcoising /Users/xt/github/sourcoise/work/R/nace.r
INFO [2025-12-15 14:18:29] Tracked files not found (/Users/xt/github/sourcoise/0), check your paths.
SUCCESS [2025-12-15 14:18:29] work/R/nace.r valid cache (11 kB)
INFO [2025-12-15 14:18:29] sourcoising /Users/xt/github/sourcoise/work/R/nace.r
INFO [2025-12-15 14:18:29] Tracked files not found (/Users/xt/github/sourcoise/0), check your paths.
SUCCESS [2025-12-15 14:18:29] work/R/nace.r valid cache (11 kB)
INFO [2025-12-15 14:18:29] sourcoising /Users/xt/github/sourcoise/work/R/vaq.r
INFO [2025-12-15 14:18:29] Tracked files not found (/Users/xt/github/sourcoise/0), check your paths.
INFO [2025-12-15 14:18:30] sourcoising /Users/xt/github/sourcoise/work/R/nace.r
INFO [2025-12-15 14:18:30] Tracked files not found (/Users/xt/github/sourcoise/0), check your paths.
SUCCESS [2025-12-15 14:18:30] work/R/nace.r valid cache (11 kB)
INFO [2025-12-15 14:18:30] sourcoising /Users/xt/github/sourcoise/work/R/nace.r
INFO [2025-12-15 14:18:30] Tracked files not found (/Users/xt/github/sourcoise/0), check your paths.
SUCCESS [2025-12-15 14:18:30] work/R/nace.r valid cache (11 kB)
INFO [2025-12-15 14:18:30] sourcoising /Users/xt/github/sourcoise/work/R/naq10_e.R
INFO [2025-12-15 14:18:30] Tracked files not found (/Users/xt/github/sourcoise/0), check your paths.
SUCCESS [2025-12-15 14:18:30] work/R/naq10_e.R valid cache (3 MB)
INFO [2025-12-15 14:18:35] sourcoising /Users/xt/github/sourcoise/work/R/france-melodi.R
INFO [2025-12-15 14:18:35] Tracked files not found (/Users/xt/github/sourcoise/0), check your paths.
INFO [2025-12-15 14:18:36] sourcoising /Users/xt/github/sourcoise/work/R/nace.r
INFO [2025-12-15 14:18:36] Tracked files not found (/Users/xt/github/sourcoise/0), check your paths.
SUCCESS [2025-12-15 14:18:36] work/R/nace.r valid cache (11 kB)
INFO [2025-12-15 14:18:36] sourcoising /Users/xt/github/sourcoise/work/R/nace.r
INFO [2025-12-15 14:18:36] Tracked files not found (/Users/xt/github/sourcoise/0), check your paths.
SUCCESS [2025-12-15 14:18:36] work/R/nace.r valid cache (11 kB)
INFO [2025-12-15 14:18:36] sourcoising /Users/xt/github/sourcoise/work/R/vaq.r
INFO [2025-12-15 14:18:36] Tracked files not found (/Users/xt/github/sourcoise/0), check your paths.
INFO [2025-12-15 14:18:37] sourcoising /Users/xt/github/sourcoise/work/R/nace.r
INFO [2025-12-15 14:18:37] Tracked files not found (/Users/xt/github/sourcoise/0), check your paths.
SUCCESS [2025-12-15 14:18:37] work/R/nace.r valid cache (11 kB)
INFO [2025-12-15 14:18:37] sourcoising /Users/xt/github/sourcoise/work/R/nace.r
INFO [2025-12-15 14:18:37] Tracked files not found (/Users/xt/github/sourcoise/0), check your paths.
SUCCESS [2025-12-15 14:18:37] work/R/nace.r valid cache (11 kB)
INFO [2025-12-15 14:18:37] sourcoising /Users/xt/github/sourcoise/work/R/naq10_e.R
INFO [2025-12-15 14:18:37] Tracked files not found (/Users/xt/github/sourcoise/0), check your paths.
SUCCESS [2025-12-15 14:18:37] work/R/naq10_e.R valid cache (3 MB)
INFO [2025-12-15 14:18:42] sourcoising /Users/xt/github/sourcoise/work/R/france-melodi.R
INFO [2025-12-15 14:18:42] Tracked files not found (/Users/xt/github/sourcoise/0), check your paths.
INFO [2025-12-15 14:18:44] sourcoising /Users/xt/github/sourcoise/work/R/nace.r
INFO [2025-12-15 14:18:44] Tracked files not found (/Users/xt/github/sourcoise/0), check your paths.
SUCCESS [2025-12-15 14:18:44] work/R/nace.r valid cache (11 kB)
INFO [2025-12-15 14:18:44] sourcoising /Users/xt/github/sourcoise/work/R/nace.r
INFO [2025-12-15 14:18:44] Tracked files not found (/Users/xt/github/sourcoise/0), check your paths.
SUCCESS [2025-12-15 14:18:44] work/R/nace.r valid cache (11 kB)
INFO [2025-12-15 14:18:44] sourcoising /Users/xt/github/sourcoise/work/R/vaq.r
INFO [2025-12-15 14:18:44] Tracked files not found (/Users/xt/github/sourcoise/0), check your paths.
INFO [2025-12-15 14:18:45] sourcoising /Users/xt/github/sourcoise/work/R/nace.r
INFO [2025-12-15 14:18:45] Tracked files not found (/Users/xt/github/sourcoise/0), check your paths.
SUCCESS [2025-12-15 14:18:45] work/R/nace.r valid cache (11 kB)
INFO [2025-12-15 14:18:45] sourcoising /Users/xt/github/sourcoise/work/R/nace.r
INFO [2025-12-15 14:18:45] Tracked files not found (/Users/xt/github/sourcoise/0), check your paths.
SUCCESS [2025-12-15 14:18:45] work/R/nace.r valid cache (11 kB)
INFO [2025-12-15 14:18:45] sourcoising /Users/xt/github/sourcoise/work/R/naq10_e.R
INFO [2025-12-15 14:18:45] Tracked files not found (/Users/xt/github/sourcoise/0), check your paths.
SUCCESS [2025-12-15 14:18:45] work/R/naq10_e.R valid cache (3 MB)
INFO [2025-12-15 14:18:50] sourcoising /Users/xt/github/sourcoise/work/R/france-melodi.R
INFO [2025-12-15 14:18:50] Tracked files not found (/Users/xt/github/sourcoise/0), check your paths.
INFO [2025-12-15 14:18:51] sourcoising /Users/xt/github/sourcoise/work/R/nace.r
INFO [2025-12-15 14:18:51] Tracked files not found (/Users/xt/github/sourcoise/0), check your paths.
SUCCESS [2025-12-15 14:18:51] work/R/nace.r valid cache (11 kB)
INFO [2025-12-15 14:18:51] sourcoising /Users/xt/github/sourcoise/work/R/nace.r
INFO [2025-12-15 14:18:51] Tracked files not found (/Users/xt/github/sourcoise/0), check your paths.
SUCCESS [2025-12-15 14:18:51] work/R/nace.r valid cache (11 kB)
INFO [2025-12-15 14:18:51] sourcoising /Users/xt/github/sourcoise/work/R/vaq.r
INFO [2025-12-15 14:18:51] Tracked files not found (/Users/xt/github/sourcoise/0), check your paths.
INFO [2025-12-15 14:18:52] sourcoising /Users/xt/github/sourcoise/work/R/nace.r
INFO [2025-12-15 14:18:52] Tracked files not found (/Users/xt/github/sourcoise/0), check your paths.
SUCCESS [2025-12-15 14:18:52] work/R/nace.r valid cache (11 kB)
INFO [2025-12-15 14:18:52] sourcoising /Users/xt/github/sourcoise/work/R/nace.r
INFO [2025-12-15 14:18:52] Tracked files not found (/Users/xt/github/sourcoise/0), check your paths.
SUCCESS [2025-12-15 14:18:52] work/R/nace.r valid cache (11 kB)
INFO [2025-12-15 14:18:52] sourcoising /Users/xt/github/sourcoise/work/R/naq10_e.R
INFO [2025-12-15 14:18:52] Tracked files not found (/Users/xt/github/sourcoise/0), check your paths.
SUCCESS [2025-12-15 14:18:52] work/R/naq10_e.R valid cache (3 MB)
INFO [2025-12-15 14:18:57] sourcoising /Users/xt/github/sourcoise/work/R/france-melodi.R
INFO [2025-12-15 14:18:57] Tracked files not found (/Users/xt/github/sourcoise/0), check your paths.
INFO [2025-12-15 14:18:58] sourcoising /Users/xt/github/sourcoise/work/R/nace.r
INFO [2025-12-15 14:18:58] Tracked files not found (/Users/xt/github/sourcoise/0), check your paths.
SUCCESS [2025-12-15 14:18:58] work/R/nace.r valid cache (11 kB)
INFO [2025-12-15 14:18:58] sourcoising /Users/xt/github/sourcoise/work/R/nace.r
INFO [2025-12-15 14:18:58] Tracked files not found (/Users/xt/github/sourcoise/0), check your paths.
SUCCESS [2025-12-15 14:18:58] work/R/nace.r valid cache (11 kB)
INFO [2025-12-15 14:18:59] sourcoising /Users/xt/github/sourcoise/work/R/vaq.r
INFO [2025-12-15 14:18:59] Tracked files not found (/Users/xt/github/sourcoise/0), check your paths.
INFO [2025-12-15 14:18:59] sourcoising /Users/xt/github/sourcoise/work/R/nace.r
INFO [2025-12-15 14:18:59] Tracked files not found (/Users/xt/github/sourcoise/0), check your paths.
SUCCESS [2025-12-15 14:18:59] work/R/nace.r valid cache (11 kB)
INFO [2025-12-15 14:19:00] sourcoising /Users/xt/github/sourcoise/work/R/nace.r
INFO [2025-12-15 14:19:00] Tracked files not found (/Users/xt/github/sourcoise/0), check your paths.
SUCCESS [2025-12-15 14:19:00] work/R/nace.r valid cache (11 kB)
INFO [2025-12-15 14:19:00] sourcoising /Users/xt/github/sourcoise/work/R/naq10_e.R
INFO [2025-12-15 14:19:00] Tracked files not found (/Users/xt/github/sourcoise/0), check your paths.
SUCCESS [2025-12-15 14:19:00] work/R/naq10_e.R valid cache (3 MB)
INFO [2025-12-15 14:19:05] sourcoising /Users/xt/github/sourcoise/work/R/france-melodi.R
INFO [2025-12-15 14:19:05] Tracked files not found (/Users/xt/github/sourcoise/0), check your paths.
INFO [2025-12-15 14:19:06] sourcoising /Users/xt/github/sourcoise/work/R/nace.r
INFO [2025-12-15 14:19:06] Tracked files not found (/Users/xt/github/sourcoise/0), check your paths.
SUCCESS [2025-12-15 14:19:06] work/R/nace.r valid cache (11 kB)
INFO [2025-12-15 14:19:06] sourcoising /Users/xt/github/sourcoise/work/R/nace.r
INFO [2025-12-15 14:19:06] Tracked files not found (/Users/xt/github/sourcoise/0), check your paths.
SUCCESS [2025-12-15 14:19:06] work/R/nace.r valid cache (11 kB)
INFO [2025-12-15 14:19:06] sourcoising /Users/xt/github/sourcoise/work/R/vaq.r
INFO [2025-12-15 14:19:06] Tracked files not found (/Users/xt/github/sourcoise/0), check your paths.
INFO [2025-12-15 14:19:07] sourcoising /Users/xt/github/sourcoise/work/R/nace.r
INFO [2025-12-15 14:19:07] Tracked files not found (/Users/xt/github/sourcoise/0), check your paths.
SUCCESS [2025-12-15 14:19:07] work/R/nace.r valid cache (11 kB)
INFO [2025-12-15 14:19:07] sourcoising /Users/xt/github/sourcoise/work/R/nace.r
INFO [2025-12-15 14:19:07] Tracked files not found (/Users/xt/github/sourcoise/0), check your paths.
SUCCESS [2025-12-15 14:19:07] work/R/nace.r valid cache (11 kB)
INFO [2025-12-15 14:19:07] sourcoising /Users/xt/github/sourcoise/work/R/naq10_e.R
INFO [2025-12-15 14:19:07] Tracked files not found (/Users/xt/github/sourcoise/0), check your paths.
SUCCESS [2025-12-15 14:19:07] work/R/naq10_e.R valid cache (3 MB)
INFO [2025-12-15 14:19:12] sourcoising /Users/xt/github/sourcoise/work/R/france-melodi.R
INFO [2025-12-15 14:19:12] Tracked files not found (/Users/xt/github/sourcoise/0), check your paths.
INFO [2025-12-15 14:19:13] sourcoising /Users/xt/github/sourcoise/work/R/nace.r
INFO [2025-12-15 14:19:13] Tracked files not found (/Users/xt/github/sourcoise/0), check your paths.
SUCCESS [2025-12-15 14:19:13] work/R/nace.r valid cache (11 kB)
INFO [2025-12-15 14:19:13] sourcoising /Users/xt/github/sourcoise/work/R/nace.r
INFO [2025-12-15 14:19:13] Tracked files not found (/Users/xt/github/sourcoise/0), check your paths.
SUCCESS [2025-12-15 14:19:13] work/R/nace.r valid cache (11 kB)
INFO [2025-12-15 14:19:13] sourcoising /Users/xt/github/sourcoise/work/R/vaq.r
INFO [2025-12-15 14:19:13] Tracked files not found (/Users/xt/github/sourcoise/0), check your paths.
INFO [2025-12-15 14:19:14] sourcoising /Users/xt/github/sourcoise/work/R/nace.r
INFO [2025-12-15 14:19:14] Tracked files not found (/Users/xt/github/sourcoise/0), check your paths.
SUCCESS [2025-12-15 14:19:14] work/R/nace.r valid cache (11 kB)
INFO [2025-12-15 14:19:14] sourcoising /Users/xt/github/sourcoise/work/R/nace.r
INFO [2025-12-15 14:19:14] Tracked files not found (/Users/xt/github/sourcoise/0), check your paths.
SUCCESS [2025-12-15 14:19:14] work/R/nace.r valid cache (11 kB)
INFO [2025-12-15 14:19:14] sourcoising /Users/xt/github/sourcoise/work/R/naq10_e.R
INFO [2025-12-15 14:19:14] Tracked files not found (/Users/xt/github/sourcoise/0), check your paths.
SUCCESS [2025-12-15 14:19:14] work/R/naq10_e.R valid cache (3 MB)
INFO [2025-12-15 14:19:19] sourcoising /Users/xt/github/sourcoise/work/R/france-melodi.R
INFO [2025-12-15 14:19:19] Tracked files not found (/Users/xt/github/sourcoise/0), check your paths.
INFO [2025-12-15 14:19:21] sourcoising /Users/xt/github/sourcoise/work/R/nace.r
INFO [2025-12-15 14:19:21] Tracked files not found (/Users/xt/github/sourcoise/0), check your paths.
SUCCESS [2025-12-15 14:19:21] work/R/nace.r valid cache (11 kB)
INFO [2025-12-15 14:19:21] sourcoising /Users/xt/github/sourcoise/work/R/nace.r
INFO [2025-12-15 14:19:21] Tracked files not found (/Users/xt/github/sourcoise/0), check your paths.
SUCCESS [2025-12-15 14:19:21] work/R/nace.r valid cache (11 kB)
INFO [2025-12-15 14:19:21] sourcoising /Users/xt/github/sourcoise/work/R/vaq.r
INFO [2025-12-15 14:19:21] Tracked files not found (/Users/xt/github/sourcoise/0), check your paths.
INFO [2025-12-15 14:19:22] sourcoising /Users/xt/github/sourcoise/work/R/nace.r
INFO [2025-12-15 14:19:22] Tracked files not found (/Users/xt/github/sourcoise/0), check your paths.
SUCCESS [2025-12-15 14:19:22] work/R/nace.r valid cache (11 kB)
INFO [2025-12-15 14:19:22] sourcoising /Users/xt/github/sourcoise/work/R/nace.r
INFO [2025-12-15 14:19:22] Tracked files not found (/Users/xt/github/sourcoise/0), check your paths.
SUCCESS [2025-12-15 14:19:22] work/R/nace.r valid cache (11 kB)
INFO [2025-12-15 14:19:22] sourcoising /Users/xt/github/sourcoise/work/R/naq10_e.R
INFO [2025-12-15 14:19:22] Tracked files not found (/Users/xt/github/sourcoise/0), check your paths.
SUCCESS [2025-12-15 14:19:22] work/R/naq10_e.R valid cache (3 MB)
INFO [2025-12-15 14:19:27] sourcoising /Users/xt/github/sourcoise/work/R/france-melodi.R
INFO [2025-12-15 14:19:27] Tracked files not found (/Users/xt/github/sourcoise/0), check your paths.
INFO [2025-12-15 14:19:28] sourcoising /Users/xt/github/sourcoise/work/R/nace.r
INFO [2025-12-15 14:19:28] Tracked files not found (/Users/xt/github/sourcoise/0), check your paths.
SUCCESS [2025-12-15 14:19:28] work/R/nace.r valid cache (11 kB)
INFO [2025-12-15 14:19:28] sourcoising /Users/xt/github/sourcoise/work/R/nace.r
INFO [2025-12-15 14:19:28] Tracked files not found (/Users/xt/github/sourcoise/0), check your paths.
SUCCESS [2025-12-15 14:19:28] work/R/nace.r valid cache (11 kB)
INFO [2025-12-15 14:19:28] sourcoising /Users/xt/github/sourcoise/work/R/vaq.r
INFO [2025-12-15 14:19:28] Tracked files not found (/Users/xt/github/sourcoise/0), check your paths.
INFO [2025-12-15 14:19:29] sourcoising /Users/xt/github/sourcoise/work/R/nace.r
INFO [2025-12-15 14:19:29] Tracked files not found (/Users/xt/github/sourcoise/0), check your paths.
SUCCESS [2025-12-15 14:19:29] work/R/nace.r valid cache (11 kB)
INFO [2025-12-15 14:19:29] sourcoising /Users/xt/github/sourcoise/work/R/nace.r
INFO [2025-12-15 14:19:29] Tracked files not found (/Users/xt/github/sourcoise/0), check your paths.
SUCCESS [2025-12-15 14:19:29] work/R/nace.r valid cache (11 kB)
INFO [2025-12-15 14:19:29] sourcoising /Users/xt/github/sourcoise/work/R/naq10_e.R
INFO [2025-12-15 14:19:29] Tracked files not found (/Users/xt/github/sourcoise/0), check your paths.
SUCCESS [2025-12-15 14:19:29] work/R/naq10_e.R valid cache (3 MB)
INFO [2025-12-15 14:19:34] sourcoising /Users/xt/github/sourcoise/work/R/france-melodi.R
INFO [2025-12-15 14:19:34] Tracked files not found (/Users/xt/github/sourcoise/0), check your paths.
INFO [2025-12-15 14:19:36] sourcoising /Users/xt/github/sourcoise/work/R/nace.r
INFO [2025-12-15 14:19:36] Tracked files not found (/Users/xt/github/sourcoise/0), check your paths.
SUCCESS [2025-12-15 14:19:36] work/R/nace.r valid cache (11 kB)
INFO [2025-12-15 14:19:36] sourcoising /Users/xt/github/sourcoise/work/R/nace.r
INFO [2025-12-15 14:19:36] Tracked files not found (/Users/xt/github/sourcoise/0), check your paths.
SUCCESS [2025-12-15 14:19:36] work/R/nace.r valid cache (11 kB)
INFO [2025-12-15 14:19:36] sourcoising /Users/xt/github/sourcoise/work/R/vaq.r
INFO [2025-12-15 14:19:36] Tracked files not found (/Users/xt/github/sourcoise/0), check your paths.
INFO [2025-12-15 14:19:37] sourcoising /Users/xt/github/sourcoise/work/R/nace.r
INFO [2025-12-15 14:19:37] Tracked files not found (/Users/xt/github/sourcoise/0), check your paths.
SUCCESS [2025-12-15 14:19:37] work/R/nace.r valid cache (11 kB)
INFO [2025-12-15 14:19:37] sourcoising /Users/xt/github/sourcoise/work/R/nace.r
INFO [2025-12-15 14:19:37] Tracked files not found (/Users/xt/github/sourcoise/0), check your paths.
SUCCESS [2025-12-15 14:19:37] work/R/nace.r valid cache (11 kB)
INFO [2025-12-15 14:19:37] sourcoising /Users/xt/github/sourcoise/work/R/naq10_e.R
INFO [2025-12-15 14:19:37] Tracked files not found (/Users/xt/github/sourcoise/0), check your paths.
SUCCESS [2025-12-15 14:19:37] work/R/naq10_e.R valid cache (3 MB)
INFO [2025-12-15 14:19:42] sourcoising /Users/xt/github/sourcoise/work/R/france-melodi.R
INFO [2025-12-15 14:19:42] Tracked files not found (/Users/xt/github/sourcoise/0), check your paths.
INFO [2025-12-15 14:19:44] sourcoising /Users/xt/github/sourcoise/work/R/nace.r
INFO [2025-12-15 14:19:44] Tracked files not found (/Users/xt/github/sourcoise/0), check your paths.
SUCCESS [2025-12-15 14:19:44] work/R/nace.r valid cache (11 kB)
INFO [2025-12-15 14:19:44] sourcoising /Users/xt/github/sourcoise/work/R/nace.r
INFO [2025-12-15 14:19:44] Tracked files not found (/Users/xt/github/sourcoise/0), check your paths.
SUCCESS [2025-12-15 14:19:44] work/R/nace.r valid cache (11 kB)
INFO [2025-12-15 14:19:44] sourcoising /Users/xt/github/sourcoise/work/R/vaq.r
INFO [2025-12-15 14:19:44] Tracked files not found (/Users/xt/github/sourcoise/0), check your paths.
INFO [2025-12-15 14:19:45] sourcoising /Users/xt/github/sourcoise/work/R/nace.r
INFO [2025-12-15 14:19:45] Tracked files not found (/Users/xt/github/sourcoise/0), check your paths.
SUCCESS [2025-12-15 14:19:45] work/R/nace.r valid cache (11 kB)
INFO [2025-12-15 14:19:45] sourcoising /Users/xt/github/sourcoise/work/R/nace.r
INFO [2025-12-15 14:19:45] Tracked files not found (/Users/xt/github/sourcoise/0), check your paths.
SUCCESS [2025-12-15 14:19:45] work/R/nace.r valid cache (11 kB)
INFO [2025-12-15 14:19:45] sourcoising /Users/xt/github/sourcoise/work/R/naq10_e.R
INFO [2025-12-15 14:19:45] Tracked files not found (/Users/xt/github/sourcoise/0), check your paths.
SUCCESS [2025-12-15 14:19:45] work/R/naq10_e.R valid cache (3 MB)
INFO [2025-12-15 14:19:50] sourcoising /Users/xt/github/sourcoise/work/R/france-melodi.R
INFO [2025-12-15 14:19:50] Tracked files not found (/Users/xt/github/sourcoise/0), check your paths.
INFO [2025-12-15 14:19:51] sourcoising /Users/xt/github/sourcoise/work/R/nace.r
INFO [2025-12-15 14:19:51] Tracked files not found (/Users/xt/github/sourcoise/0), check your paths.
SUCCESS [2025-12-15 14:19:51] work/R/nace.r valid cache (11 kB)
INFO [2025-12-15 14:19:51] sourcoising /Users/xt/github/sourcoise/work/R/nace.r
INFO [2025-12-15 14:19:51] Tracked files not found (/Users/xt/github/sourcoise/0), check your paths.
SUCCESS [2025-12-15 14:19:51] work/R/nace.r valid cache (11 kB)
INFO [2025-12-15 14:19:51] sourcoising /Users/xt/github/sourcoise/work/R/vaq.r
INFO [2025-12-15 14:19:51] Tracked files not found (/Users/xt/github/sourcoise/0), check your paths.
INFO [2025-12-15 14:19:52] sourcoising /Users/xt/github/sourcoise/work/R/nace.r
INFO [2025-12-15 14:19:52] Tracked files not found (/Users/xt/github/sourcoise/0), check your paths.
SUCCESS [2025-12-15 14:19:52] work/R/nace.r valid cache (11 kB)
INFO [2025-12-15 14:19:52] sourcoising /Users/xt/github/sourcoise/work/R/nace.r
INFO [2025-12-15 14:19:52] Tracked files not found (/Users/xt/github/sourcoise/0), check your paths.
SUCCESS [2025-12-15 14:19:52] work/R/nace.r valid cache (11 kB)
INFO [2025-12-15 14:19:52] sourcoising /Users/xt/github/sourcoise/work/R/naq10_e.R
INFO [2025-12-15 14:19:52] Tracked files not found (/Users/xt/github/sourcoise/0), check your paths.
SUCCESS [2025-12-15 14:19:52] work/R/naq10_e.R valid cache (3 MB)
INFO [2025-12-15 14:19:57] sourcoising /Users/xt/github/sourcoise/work/R/france-melodi.R
INFO [2025-12-15 14:19:57] Tracked files not found (/Users/xt/github/sourcoise/0), check your paths.
INFO [2025-12-15 14:19:59] sourcoising /Users/xt/github/sourcoise/work/R/nace.r
INFO [2025-12-15 14:19:59] Tracked files not found (/Users/xt/github/sourcoise/0), check your paths.
SUCCESS [2025-12-15 14:19:59] work/R/nace.r valid cache (11 kB)
INFO [2025-12-15 14:19:59] sourcoising /Users/xt/github/sourcoise/work/R/nace.r
INFO [2025-12-15 14:19:59] Tracked files not found (/Users/xt/github/sourcoise/0), check your paths.
SUCCESS [2025-12-15 14:19:59] work/R/nace.r valid cache (11 kB)
INFO [2025-12-15 14:19:59] sourcoising /Users/xt/github/sourcoise/work/R/vaq.r
INFO [2025-12-15 14:19:59] Tracked files not found (/Users/xt/github/sourcoise/0), check your paths.
INFO [2025-12-15 14:20:00] sourcoising /Users/xt/github/sourcoise/work/R/nace.r
INFO [2025-12-15 14:20:00] Tracked files not found (/Users/xt/github/sourcoise/0), check your paths.
SUCCESS [2025-12-15 14:20:00] work/R/nace.r valid cache (11 kB)
INFO [2025-12-15 14:20:00] sourcoising /Users/xt/github/sourcoise/work/R/nace.r
INFO [2025-12-15 14:20:00] Tracked files not found (/Users/xt/github/sourcoise/0), check your paths.
SUCCESS [2025-12-15 14:20:00] work/R/nace.r valid cache (11 kB)
INFO [2025-12-15 14:20:00] sourcoising /Users/xt/github/sourcoise/work/R/naq10_e.R
INFO [2025-12-15 14:20:00] Tracked files not found (/Users/xt/github/sourcoise/0), check your paths.
SUCCESS [2025-12-15 14:20:00] work/R/naq10_e.R valid cache (3 MB)
INFO [2025-12-15 14:20:05] sourcoising /Users/xt/github/sourcoise/work/R/france-melodi.R
INFO [2025-12-15 14:20:05] Tracked files not found (/Users/xt/github/sourcoise/0), check your paths.
INFO [2025-12-15 14:20:06] sourcoising /Users/xt/github/sourcoise/work/R/nace.r
INFO [2025-12-15 14:20:06] Tracked files not found (/Users/xt/github/sourcoise/0), check your paths.
SUCCESS [2025-12-15 14:20:06] work/R/nace.r valid cache (11 kB)
INFO [2025-12-15 14:20:06] sourcoising /Users/xt/github/sourcoise/work/R/nace.r
INFO [2025-12-15 14:20:06] Tracked files not found (/Users/xt/github/sourcoise/0), check your paths.
SUCCESS [2025-12-15 14:20:06] work/R/nace.r valid cache (11 kB)
INFO [2025-12-15 14:20:06] sourcoising /Users/xt/github/sourcoise/work/R/vaq.r
INFO [2025-12-15 14:20:06] Tracked files not found (/Users/xt/github/sourcoise/0), check your paths.
INFO [2025-12-15 14:20:07] sourcoising /Users/xt/github/sourcoise/work/R/nace.r
INFO [2025-12-15 14:20:07] Tracked files not found (/Users/xt/github/sourcoise/0), check your paths.
SUCCESS [2025-12-15 14:20:07] work/R/nace.r valid cache (11 kB)
INFO [2025-12-15 14:20:07] sourcoising /Users/xt/github/sourcoise/work/R/nace.r
INFO [2025-12-15 14:20:07] Tracked files not found (/Users/xt/github/sourcoise/0), check your paths.
SUCCESS [2025-12-15 14:20:07] work/R/nace.r valid cache (11 kB)
INFO [2025-12-15 14:20:07] sourcoising /Users/xt/github/sourcoise/work/R/naq10_e.R
INFO [2025-12-15 14:20:07] Tracked files not found (/Users/xt/github/sourcoise/0), check your paths.
SUCCESS [2025-12-15 14:20:08] work/R/naq10_e.R valid cache (3 MB)
INFO [2025-12-15 14:20:12] sourcoising /Users/xt/github/sourcoise/work/R/france-melodi.R
INFO [2025-12-15 14:20:12] Tracked files not found (/Users/xt/github/sourcoise/0), check your paths.
INFO [2025-12-15 14:20:14] sourcoising /Users/xt/github/sourcoise/work/R/nace.r
INFO [2025-12-15 14:20:14] Tracked files not found (/Users/xt/github/sourcoise/0), check your paths.
SUCCESS [2025-12-15 14:20:14] work/R/nace.r valid cache (11 kB)
INFO [2025-12-15 14:20:14] sourcoising /Users/xt/github/sourcoise/work/R/nace.r
INFO [2025-12-15 14:20:14] Tracked files not found (/Users/xt/github/sourcoise/0), check your paths.
SUCCESS [2025-12-15 14:20:14] work/R/nace.r valid cache (11 kB)
INFO [2025-12-15 14:20:14] sourcoising /Users/xt/github/sourcoise/work/R/vaq.r
INFO [2025-12-15 14:20:14] Tracked files not found (/Users/xt/github/sourcoise/0), check your paths.
INFO [2025-12-15 14:20:15] sourcoising /Users/xt/github/sourcoise/work/R/nace.r
INFO [2025-12-15 14:20:15] Tracked files not found (/Users/xt/github/sourcoise/0), check your paths.
SUCCESS [2025-12-15 14:20:15] work/R/nace.r valid cache (11 kB)
INFO [2025-12-15 14:20:15] sourcoising /Users/xt/github/sourcoise/work/R/nace.r
INFO [2025-12-15 14:20:15] Tracked files not found (/Users/xt/github/sourcoise/0), check your paths.
SUCCESS [2025-12-15 14:20:15] work/R/nace.r valid cache (11 kB)
INFO [2025-12-15 14:20:15] sourcoising /Users/xt/github/sourcoise/work/R/naq10_e.R
INFO [2025-12-15 14:20:15] Tracked files not found (/Users/xt/github/sourcoise/0), check your paths.
SUCCESS [2025-12-15 14:20:15] work/R/naq10_e.R valid cache (3 MB)
INFO [2025-12-15 14:20:20] sourcoising /Users/xt/github/sourcoise/work/R/france-melodi.R
INFO [2025-12-15 14:20:20] Tracked files not found (/Users/xt/github/sourcoise/0), check your paths.
INFO [2025-12-15 14:20:22] sourcoising /Users/xt/github/sourcoise/work/R/nace.r
INFO [2025-12-15 14:20:22] Tracked files not found (/Users/xt/github/sourcoise/0), check your paths.
SUCCESS [2025-12-15 14:20:22] work/R/nace.r valid cache (11 kB)
INFO [2025-12-15 14:20:22] sourcoising /Users/xt/github/sourcoise/work/R/nace.r
INFO [2025-12-15 14:20:22] Tracked files not found (/Users/xt/github/sourcoise/0), check your paths.
SUCCESS [2025-12-15 14:20:22] work/R/nace.r valid cache (11 kB)
INFO [2025-12-15 14:20:22] sourcoising /Users/xt/github/sourcoise/work/R/vaq.r
INFO [2025-12-15 14:20:22] Tracked files not found (/Users/xt/github/sourcoise/0), check your paths.
INFO [2025-12-15 14:20:23] sourcoising /Users/xt/github/sourcoise/work/R/nace.r
INFO [2025-12-15 14:20:23] Tracked files not found (/Users/xt/github/sourcoise/0), check your paths.
SUCCESS [2025-12-15 14:20:23] work/R/nace.r valid cache (11 kB)
INFO [2025-12-15 14:20:23] sourcoising /Users/xt/github/sourcoise/work/R/nace.r
INFO [2025-12-15 14:20:23] Tracked files not found (/Users/xt/github/sourcoise/0), check your paths.
SUCCESS [2025-12-15 14:20:23] work/R/nace.r valid cache (11 kB)
INFO [2025-12-15 14:20:23] sourcoising /Users/xt/github/sourcoise/work/R/naq10_e.R
INFO [2025-12-15 14:20:23] Tracked files not found (/Users/xt/github/sourcoise/0), check your paths.
SUCCESS [2025-12-15 14:20:23] work/R/naq10_e.R valid cache (3 MB)
INFO [2025-12-15 14:20:36] Refreshing 18 source files
INFO [2025-12-15 14:20:37] Initializing with init_fn()
INFO [2025-12-15 14:20:58] Refreshing 18 source files
INFO [2025-12-15 14:20:59] Initializing with init_fn()
INFO [2025-12-15 14:21:02] sourcoising /Users/xt/github/sourcoise/work/R/vaq.r
INFO [2025-12-15 14:21:02] Tracked files not found (/Users/xt/github/sourcoise/0), check your paths.
INFO [2025-12-15 14:21:03] sourcoising /Users/xt/github/sourcoise/work/R/nace.r
INFO [2025-12-15 14:21:03] Tracked files not found (/Users/xt/github/sourcoise/0), check your paths.
SUCCESS [2025-12-15 14:21:03] work/R/nace.r valid cache (11 kB)
INFO [2025-12-15 14:21:03] sourcoising /Users/xt/github/sourcoise/work/R/nace.r
INFO [2025-12-15 14:21:03] Tracked files not found (/Users/xt/github/sourcoise/0), check your paths.
SUCCESS [2025-12-15 14:21:03] work/R/nace.r valid cache (11 kB)
INFO [2025-12-15 14:21:03] sourcoising /Users/xt/github/sourcoise/work/R/naq10_e.R
INFO [2025-12-15 14:21:03] Tracked files not found (/Users/xt/github/sourcoise/0), check your paths.
SUCCESS [2025-12-15 14:21:03] work/R/naq10_e.R valid cache (3 MB)
INFO [2025-12-15 14:21:08] sourcoising /Users/xt/github/sourcoise/work/R/france-melodi.R
INFO [2025-12-15 14:21:08] Tracked files not found (/Users/xt/github/sourcoise/0), check your paths.
INFO [2025-12-15 14:21:10] sourcoising /Users/xt/github/sourcoise/work/R/nace.r
INFO [2025-12-15 14:21:10] Tracked files not found (/Users/xt/github/sourcoise/0), check your paths.
SUCCESS [2025-12-15 14:21:10] work/R/nace.r valid cache (11 kB)
INFO [2025-12-15 14:21:10] sourcoising /Users/xt/github/sourcoise/work/R/nace.r
INFO [2025-12-15 14:21:10] Tracked files not found (/Users/xt/github/sourcoise/0), check your paths.
SUCCESS [2025-12-15 14:21:10] work/R/nace.r valid cache (11 kB)
INFO [2025-12-15 14:21:10] sourcoising /Users/xt/github/sourcoise/work/R/vaq.r
INFO [2025-12-15 14:21:10] Tracked files not found (/Users/xt/github/sourcoise/0), check your paths.
INFO [2025-12-15 14:21:11] sourcoising /Users/xt/github/sourcoise/work/R/nace.r
INFO [2025-12-15 14:21:11] Tracked files not found (/Users/xt/github/sourcoise/0), check your paths.
SUCCESS [2025-12-15 14:21:11] work/R/nace.r valid cache (11 kB)
INFO [2025-12-15 14:21:11] sourcoising /Users/xt/github/sourcoise/work/R/nace.r
INFO [2025-12-15 14:21:11] Tracked files not found (/Users/xt/github/sourcoise/0), check your paths.
SUCCESS [2025-12-15 14:21:11] work/R/nace.r valid cache (11 kB)
INFO [2025-12-15 14:21:11] sourcoising /Users/xt/github/sourcoise/work/R/naq10_e.R
INFO [2025-12-15 14:21:11] Tracked files not found (/Users/xt/github/sourcoise/0), check your paths.
SUCCESS [2025-12-15 14:21:11] work/R/naq10_e.R valid cache (3 MB)
INFO [2025-12-15 14:21:15] sourcoising /Users/xt/github/sourcoise/work/R/france-melodi.R
INFO [2025-12-15 14:21:16] Tracked files not found (/Users/xt/github/sourcoise/0), check your paths.
INFO [2025-12-15 14:21:17] sourcoising /Users/xt/github/sourcoise/work/R/nace.r
INFO [2025-12-15 14:21:17] Tracked files not found (/Users/xt/github/sourcoise/0), check your paths.
SUCCESS [2025-12-15 14:21:17] work/R/nace.r valid cache (11 kB)
INFO [2025-12-15 14:21:17] sourcoising /Users/xt/github/sourcoise/work/R/nace.r
INFO [2025-12-15 14:21:17] Tracked files not found (/Users/xt/github/sourcoise/0), check your paths.
SUCCESS [2025-12-15 14:21:17] work/R/nace.r valid cache (11 kB)
INFO [2025-12-15 14:21:17] sourcoising /Users/xt/github/sourcoise/work/R/vaq.r
INFO [2025-12-15 14:21:17] Tracked files not found (/Users/xt/github/sourcoise/0), check your paths.
INFO [2025-12-15 14:21:18] sourcoising /Users/xt/github/sourcoise/work/R/nace.r
INFO [2025-12-15 14:21:18] Tracked files not found (/Users/xt/github/sourcoise/0), check your paths.
SUCCESS [2025-12-15 14:21:18] work/R/nace.r valid cache (11 kB)
INFO [2025-12-15 14:21:18] sourcoising /Users/xt/github/sourcoise/work/R/nace.r
INFO [2025-12-15 14:21:18] Tracked files not found (/Users/xt/github/sourcoise/0), check your paths.
SUCCESS [2025-12-15 14:21:18] work/R/nace.r valid cache (11 kB)
INFO [2025-12-15 14:21:18] sourcoising /Users/xt/github/sourcoise/work/R/naq10_e.R
INFO [2025-12-15 14:21:18] Tracked files not found (/Users/xt/github/sourcoise/0), check your paths.
SUCCESS [2025-12-15 14:21:18] work/R/naq10_e.R valid cache (3 MB)
INFO [2025-12-15 14:21:23] sourcoising /Users/xt/github/sourcoise/work/R/france-melodi.R
INFO [2025-12-15 14:21:23] Tracked files not found (/Users/xt/github/sourcoise/0), check your paths.
INFO [2025-12-15 14:21:24] sourcoising /Users/xt/github/sourcoise/work/R/nace.r
INFO [2025-12-15 14:21:24] Tracked files not found (/Users/xt/github/sourcoise/0), check your paths.
SUCCESS [2025-12-15 14:21:24] work/R/nace.r valid cache (11 kB)
INFO [2025-12-15 14:21:24] sourcoising /Users/xt/github/sourcoise/work/R/nace.r
INFO [2025-12-15 14:21:24] Tracked files not found (/Users/xt/github/sourcoise/0), check your paths.
SUCCESS [2025-12-15 14:21:24] work/R/nace.r valid cache (11 kB)
INFO [2025-12-15 14:21:24] sourcoising /Users/xt/github/sourcoise/work/R/vaq.r
INFO [2025-12-15 14:21:24] Tracked files not found (/Users/xt/github/sourcoise/0), check your paths.
INFO [2025-12-15 14:21:25] sourcoising /Users/xt/github/sourcoise/work/R/nace.r
INFO [2025-12-15 14:21:25] Tracked files not found (/Users/xt/github/sourcoise/0), check your paths.
SUCCESS [2025-12-15 14:21:25] work/R/nace.r valid cache (11 kB)
INFO [2025-12-15 14:21:25] sourcoising /Users/xt/github/sourcoise/work/R/nace.r
INFO [2025-12-15 14:21:25] Tracked files not found (/Users/xt/github/sourcoise/0), check your paths.
SUCCESS [2025-12-15 14:21:25] work/R/nace.r valid cache (11 kB)
INFO [2025-12-15 14:21:25] sourcoising /Users/xt/github/sourcoise/work/R/naq10_e.R
INFO [2025-12-15 14:21:25] Tracked files not found (/Users/xt/github/sourcoise/0), check your paths.
SUCCESS [2025-12-15 14:21:25] work/R/naq10_e.R valid cache (3 MB)
INFO [2025-12-15 14:21:30] sourcoising /Users/xt/github/sourcoise/work/R/france-melodi.R
INFO [2025-12-15 14:21:30] Tracked files not found (/Users/xt/github/sourcoise/0), check your paths.
INFO [2025-12-15 14:21:31] sourcoising /Users/xt/github/sourcoise/work/R/nace.r
INFO [2025-12-15 14:21:31] Tracked files not found (/Users/xt/github/sourcoise/0), check your paths.
SUCCESS [2025-12-15 14:21:31] work/R/nace.r valid cache (11 kB)
INFO [2025-12-15 14:21:31] sourcoising /Users/xt/github/sourcoise/work/R/nace.r
INFO [2025-12-15 14:21:31] Tracked files not found (/Users/xt/github/sourcoise/0), check your paths.
SUCCESS [2025-12-15 14:21:31] work/R/nace.r valid cache (11 kB)
INFO [2025-12-15 14:21:31] sourcoising /Users/xt/github/sourcoise/work/R/vaq.r
INFO [2025-12-15 14:21:31] Tracked files not found (/Users/xt/github/sourcoise/0), check your paths.
INFO [2025-12-15 14:21:32] sourcoising /Users/xt/github/sourcoise/work/R/nace.r
INFO [2025-12-15 14:21:32] Tracked files not found (/Users/xt/github/sourcoise/0), check your paths.
SUCCESS [2025-12-15 14:21:32] work/R/nace.r valid cache (11 kB)
INFO [2025-12-15 14:21:32] sourcoising /Users/xt/github/sourcoise/work/R/nace.r
INFO [2025-12-15 14:21:32] Tracked files not found (/Users/xt/github/sourcoise/0), check your paths.
SUCCESS [2025-12-15 14:21:32] work/R/nace.r valid cache (11 kB)
INFO [2025-12-15 14:21:32] sourcoising /Users/xt/github/sourcoise/work/R/naq10_e.R
INFO [2025-12-15 14:21:32] Tracked files not found (/Users/xt/github/sourcoise/0), check your paths.
SUCCESS [2025-12-15 14:21:32] work/R/naq10_e.R valid cache (3 MB)
INFO [2025-12-15 14:21:37] sourcoising /Users/xt/github/sourcoise/work/R/france-melodi.R
INFO [2025-12-15 14:21:37] Tracked files not found (/Users/xt/github/sourcoise/0), check your paths.
INFO [2025-12-15 14:21:39] sourcoising /Users/xt/github/sourcoise/work/R/nace.r
INFO [2025-12-15 14:21:39] Tracked files not found (/Users/xt/github/sourcoise/0), check your paths.
SUCCESS [2025-12-15 14:21:39] work/R/nace.r valid cache (11 kB)
INFO [2025-12-15 14:21:39] sourcoising /Users/xt/github/sourcoise/work/R/nace.r
INFO [2025-12-15 14:21:39] Tracked files not found (/Users/xt/github/sourcoise/0), check your paths.
SUCCESS [2025-12-15 14:21:39] work/R/nace.r valid cache (11 kB)
INFO [2025-12-15 14:21:39] sourcoising /Users/xt/github/sourcoise/work/R/vaq.r
INFO [2025-12-15 14:21:39] Tracked files not found (/Users/xt/github/sourcoise/0), check your paths.
INFO [2025-12-15 14:21:40] sourcoising /Users/xt/github/sourcoise/work/R/nace.r
INFO [2025-12-15 14:21:40] Tracked files not found (/Users/xt/github/sourcoise/0), check your paths.
SUCCESS [2025-12-15 14:21:40] work/R/nace.r valid cache (11 kB)
INFO [2025-12-15 14:21:40] sourcoising /Users/xt/github/sourcoise/work/R/nace.r
INFO [2025-12-15 14:21:40] Tracked files not found (/Users/xt/github/sourcoise/0), check your paths.
SUCCESS [2025-12-15 14:21:40] work/R/nace.r valid cache (11 kB)
INFO [2025-12-15 14:21:40] sourcoising /Users/xt/github/sourcoise/work/R/naq10_e.R
INFO [2025-12-15 14:21:40] Tracked files not found (/Users/xt/github/sourcoise/0), check your paths.
SUCCESS [2025-12-15 14:21:40] work/R/naq10_e.R valid cache (3 MB)
INFO [2025-12-15 14:21:45] sourcoising /Users/xt/github/sourcoise/work/R/france-melodi.R
INFO [2025-12-15 14:21:45] Tracked files not found (/Users/xt/github/sourcoise/0), check your paths.
INFO [2025-12-15 14:21:46] sourcoising /Users/xt/github/sourcoise/work/R/nace.r
INFO [2025-12-15 14:21:46] Tracked files not found (/Users/xt/github/sourcoise/0), check your paths.
SUCCESS [2025-12-15 14:21:46] work/R/nace.r valid cache (11 kB)
INFO [2025-12-15 14:21:46] sourcoising /Users/xt/github/sourcoise/work/R/nace.r
INFO [2025-12-15 14:21:46] Tracked files not found (/Users/xt/github/sourcoise/0), check your paths.
SUCCESS [2025-12-15 14:21:46] work/R/nace.r valid cache (11 kB)
INFO [2025-12-15 14:21:46] sourcoising /Users/xt/github/sourcoise/work/R/vaq.r
INFO [2025-12-15 14:21:46] Tracked files not found (/Users/xt/github/sourcoise/0), check your paths.
INFO [2025-12-15 14:21:47] sourcoising /Users/xt/github/sourcoise/work/R/nace.r
INFO [2025-12-15 14:21:47] Tracked files not found (/Users/xt/github/sourcoise/0), check your paths.
SUCCESS [2025-12-15 14:21:47] work/R/nace.r valid cache (11 kB)
INFO [2025-12-15 14:21:47] sourcoising /Users/xt/github/sourcoise/work/R/nace.r
INFO [2025-12-15 14:21:47] Tracked files not found (/Users/xt/github/sourcoise/0), check your paths.
SUCCESS [2025-12-15 14:21:47] work/R/nace.r valid cache (11 kB)
INFO [2025-12-15 14:21:47] sourcoising /Users/xt/github/sourcoise/work/R/naq10_e.R
INFO [2025-12-15 14:21:47] Tracked files not found (/Users/xt/github/sourcoise/0), check your paths.
SUCCESS [2025-12-15 14:21:47] work/R/naq10_e.R valid cache (3 MB)
INFO [2025-12-15 14:21:52] sourcoising /Users/xt/github/sourcoise/work/R/france-melodi.R
INFO [2025-12-15 14:21:52] Tracked files not found (/Users/xt/github/sourcoise/0), check your paths.
INFO [2025-12-15 14:21:54] sourcoising /Users/xt/github/sourcoise/work/R/nace.r
INFO [2025-12-15 14:21:54] Tracked files not found (/Users/xt/github/sourcoise/0), check your paths.
SUCCESS [2025-12-15 14:21:54] work/R/nace.r valid cache (11 kB)
INFO [2025-12-15 14:21:54] sourcoising /Users/xt/github/sourcoise/work/R/nace.r
INFO [2025-12-15 14:21:54] Tracked files not found (/Users/xt/github/sourcoise/0), check your paths.
SUCCESS [2025-12-15 14:21:54] work/R/nace.r valid cache (11 kB)
INFO [2025-12-15 14:21:54] sourcoising /Users/xt/github/sourcoise/work/R/vaq.r
INFO [2025-12-15 14:21:54] Tracked files not found (/Users/xt/github/sourcoise/0), check your paths.
INFO [2025-12-15 14:21:55] sourcoising /Users/xt/github/sourcoise/work/R/nace.r
INFO [2025-12-15 14:21:55] Tracked files not found (/Users/xt/github/sourcoise/0), check your paths.
SUCCESS [2025-12-15 14:21:55] work/R/nace.r valid cache (11 kB)
INFO [2025-12-15 14:21:55] sourcoising /Users/xt/github/sourcoise/work/R/nace.r
INFO [2025-12-15 14:21:55] Tracked files not found (/Users/xt/github/sourcoise/0), check your paths.
SUCCESS [2025-12-15 14:21:55] work/R/nace.r valid cache (11 kB)
INFO [2025-12-15 14:21:55] sourcoising /Users/xt/github/sourcoise/work/R/naq10_e.R
INFO [2025-12-15 14:21:55] Tracked files not found (/Users/xt/github/sourcoise/0), check your paths.
SUCCESS [2025-12-15 14:21:55] work/R/naq10_e.R valid cache (3 MB)
INFO [2025-12-15 14:22:04] Refreshing 18 source files
INFO [2025-12-15 14:22:05] Initializing with init_fn()
INFO [2025-12-15 14:22:26] sourcoising /Users/xt/github/sourcoise/work/R/vaq.r
INFO [2025-12-15 14:22:26] Tracked files not found (/Users/xt/github/sourcoise/0), check your paths.
INFO [2025-12-15 14:22:27] sourcoising /Users/xt/github/sourcoise/work/R/nace.r
INFO [2025-12-15 14:22:27] Tracked files not found (/Users/xt/github/sourcoise/0), check your paths.
SUCCESS [2025-12-15 14:22:27] work/R/nace.r valid cache (11 kB)
INFO [2025-12-15 14:22:27] sourcoising /Users/xt/github/sourcoise/work/R/nace.r
INFO [2025-12-15 14:22:27] Tracked files not found (/Users/xt/github/sourcoise/0), check your paths.
SUCCESS [2025-12-15 14:22:27] work/R/nace.r valid cache (11 kB)
INFO [2025-12-15 14:22:27] sourcoising /Users/xt/github/sourcoise/work/R/naq10_e.R
INFO [2025-12-15 14:22:27] Tracked files not found (/Users/xt/github/sourcoise/0), check your paths.
SUCCESS [2025-12-15 14:22:27] work/R/naq10_e.R valid cache (3 MB)
INFO [2025-12-15 14:22:32] sourcoising /Users/xt/github/sourcoise/work/R/france-melodi.R
INFO [2025-12-15 14:22:32] Tracked files not found (/Users/xt/github/sourcoise/0), check your paths.
INFO [2025-12-15 14:22:34] sourcoising /Users/xt/github/sourcoise/work/R/nace.r
INFO [2025-12-15 14:22:34] Tracked files not found (/Users/xt/github/sourcoise/0), check your paths.
SUCCESS [2025-12-15 14:22:34] work/R/nace.r valid cache (11 kB)
INFO [2025-12-15 14:22:34] sourcoising /Users/xt/github/sourcoise/work/R/nace.r
INFO [2025-12-15 14:22:34] Tracked files not found (/Users/xt/github/sourcoise/0), check your paths.
SUCCESS [2025-12-15 14:22:34] work/R/nace.r valid cache (11 kB)
INFO [2025-12-15 14:22:34] sourcoising /Users/xt/github/sourcoise/work/R/vaq.r
INFO [2025-12-15 14:22:34] Tracked files not found (/Users/xt/github/sourcoise/0), check your paths.
INFO [2025-12-15 14:22:35] sourcoising /Users/xt/github/sourcoise/work/R/nace.r
INFO [2025-12-15 14:22:35] Tracked files not found (/Users/xt/github/sourcoise/0), check your paths.
SUCCESS [2025-12-15 14:22:35] work/R/nace.r valid cache (11 kB)
INFO [2025-12-15 14:22:35] sourcoising /Users/xt/github/sourcoise/work/R/nace.r
INFO [2025-12-15 14:22:35] Tracked files not found (/Users/xt/github/sourcoise/0), check your paths.
SUCCESS [2025-12-15 14:22:35] work/R/nace.r valid cache (11 kB)
INFO [2025-12-15 14:22:35] sourcoising /Users/xt/github/sourcoise/work/R/naq10_e.R
INFO [2025-12-15 14:22:35] Tracked files not found (/Users/xt/github/sourcoise/0), check your paths.
SUCCESS [2025-12-15 14:22:35] work/R/naq10_e.R valid cache (3 MB)
