INFO [2025-12-11 17:49:14] Refreshing 3 source files
SUCCESS [2025-12-11 17:49:14] commun.r (forced) in 0 sec. (0 B)
SUCCESS [2025-12-11 17:49:14] commun.R valid cache (0 B)
SUCCESS [2025-12-11 17:49:14] noerror3.R valid cache (9 kB)
SUCCESS [2025-12-11 17:49:14] noerror.r (forced) in 0.19 sec. (367 kB)
SUCCESS [2025-12-11 17:49:14] noerror3.r (forced) in 0 sec. (9 kB)
SUCCESS [2025-12-11 22:11:35] commun.r (forced) in 0 sec. (0 B)
SUCCESS [2025-12-11 22:11:36] noerror3.r (forced) in 0.19 sec. (9 kB)
INFO [2025-12-11 22:14:55] Refreshing 3 source files
SUCCESS [2025-12-11 22:14:55] commun.r (forced) in 0 sec. (0 B)
SUCCESS [2025-12-11 22:14:55] commun.R valid cache (0 B)
SUCCESS [2025-12-11 22:14:55] noerror3.R valid cache (9 kB)
SUCCESS [2025-12-11 22:14:55] noerror.r (forced) in 0.18 sec. (367 kB)
SUCCESS [2025-12-11 22:14:55] noerror3.r (forced) in 0 sec. (9 kB)
INFO [2025-12-11 22:23:09] Refreshing 3 source files
SUCCESS [2025-12-11 22:23:09] commun.r (forced) in 0 sec. (0 B)
SUCCESS [2025-12-11 22:23:09] commun.R valid cache (0 B)
SUCCESS [2025-12-11 22:23:09] noerror3.R valid cache (9 kB)
SUCCESS [2025-12-11 22:23:09] noerror.r (forced) in 0.03 sec. (367 kB)
SUCCESS [2025-12-11 22:23:09] noerror3.r (forced) in 0 sec. (9 kB)
INFO [2025-12-11 22:30:34] Refreshing 3 source files
SUCCESS [2025-12-11 22:30:34] commun.r (forced) in 0 sec. (0 B)
SUCCESS [2025-12-11 22:30:34] commun.R valid cache (0 B)
SUCCESS [2025-12-11 22:30:34] noerror3.R valid cache (9 kB)
SUCCESS [2025-12-11 22:30:34] noerror.r (forced) in 0.03 sec. (367 kB)
SUCCESS [2025-12-11 22:30:34] noerror3.r (forced) in 0 sec. (9 kB)
INFO [2025-12-11 22:30:52] Refreshing 3 source files
SUCCESS [2025-12-11 22:30:52] commun.r (forced) in 0 sec. (0 B)
SUCCESS [2025-12-11 22:30:52] commun.R valid cache (0 B)
SUCCESS [2025-12-11 22:30:52] noerror3.R valid cache (9 kB)
SUCCESS [2025-12-11 22:30:52] noerror.r (forced) in 0.03 sec. (367 kB)
SUCCESS [2025-12-11 22:30:52] noerror3.r (forced) in 0 sec. (9 kB)
INFO [2025-12-11 22:31:10] Refreshing 3 source files
SUCCESS [2025-12-11 22:31:10] commun.r (forced) in 0 sec. (0 B)
SUCCESS [2025-12-11 22:31:10] commun.R valid cache (0 B)
SUCCESS [2025-12-11 22:31:10] noerror3.R valid cache (9 kB)
SUCCESS [2025-12-11 22:31:10] noerror.r (forced) in 0.21 sec. (367 kB)
SUCCESS [2025-12-11 22:31:10] noerror3.r (forced) in 0 sec. (9 kB)
